2026.02.16 16:04:28 INFO  Started: Metals version 1.6.5 in folders '/home/ceryar/Documentos/Prueba_Spring/tiket' for client Visual Studio Code 1.106.2.
2026.02.16 16:04:28 INFO  Memory monitor started
2026.02.16 16:04:28 WARN  Using H2 2.4.240 which is newer than the version Flyway has been verified with. The latest verified version of H2 is 2.3.232.
2026.02.16 16:04:28 INFO  no build target found for /home/ceryar/Documentos/Prueba_Spring/tiket/src/main/java/com/pruebaTiket/tiket/TiketApplication.java. Using fallback presentation compiler.
2026.02.16 16:04:28 INFO  no build target found for /home/ceryar/Documentos/Prueba_Spring/tiket/src/main/java/com/pruebaTiket/tiket/TiketApplication.java. Using fallback presentation compiler.
2026.02.16 16:04:32 INFO  running '/usr/lib/jvm/java-25-openjdk/bin/java -Dfile.encoding=UTF-8 -Dmaven.multiModuleProjectDirectory=/home/ceryar/Documentos/Prueba_Spring/tiket -Dmaven.home=/tmp/metals1063749641290590898 -cp /tmp/metals1063749641290590898/maven-wrapper.jar org.apache.maven.wrapper.MavenWrapperMain generate-sources ch.epfl.scala:bloop-maven-plugin:2.0.3:bloopInstall -DdownloadSources=true'
2026.02.16 16:04:32 INFO  no build target found for /home/ceryar/Documentos/Prueba_Spring/tiket/src/main/java/com/pruebaTiket/tiket/TiketApplication.java. Using fallback presentation compiler.
2026.02.16 16:04:32 ERROR WARNING: A restricted method in java.lang.System has been called
2026.02.16 16:04:32 ERROR WARNING: java.lang.System::load has been called by org.fusesource.jansi.internal.JansiLoader in an unnamed module (file:/home/ceryar/.m2/wrapper/dists/apache-maven-3.9.9-bin/33b4b2b4/apache-maven-3.9.9/lib/jansi-2.4.1.jar)
2026.02.16 16:04:32 ERROR WARNING: Use --enable-native-access=ALL-UNNAMED to avoid a warning for callers in this module
2026.02.16 16:04:32 ERROR WARNING: Restricted methods will be blocked in a future release unless native access is enabled
2026.02.16 16:04:32 ERROR 
2026.02.16 16:04:32 ERROR WARNING: A terminally deprecated method in sun.misc.Unsafe has been called
2026.02.16 16:04:32 ERROR WARNING: sun.misc.Unsafe::objectFieldOffset has been called by com.google.common.util.concurrent.AbstractFuture$UnsafeAtomicHelper (file:/home/ceryar/.m2/wrapper/dists/apache-maven-3.9.9-bin/33b4b2b4/apache-maven-3.9.9/lib/guava-33.2.1-jre.jar)
2026.02.16 16:04:32 ERROR WARNING: Please consider reporting this to the maintainers of class com.google.common.util.concurrent.AbstractFuture$UnsafeAtomicHelper
2026.02.16 16:04:32 ERROR WARNING: sun.misc.Unsafe::objectFieldOffset will be removed in a future release
2026.02.16 16:04:33 INFO  [INFO] Scanning for projects...
2026.02.16 16:04:33 INFO  [INFO] 
2026.02.16 16:04:33 INFO  [INFO] -----------------------< com.pruebaTiket:tiket >------------------------
2026.02.16 16:04:33 INFO  [INFO] Building tiket 0.0.1-SNAPSHOT
2026.02.16 16:04:33 INFO  [INFO]   from pom.xml
2026.02.16 16:04:33 INFO  [INFO] --------------------------------[ jar ]---------------------------------
2026.02.16 16:04:33 INFO  [INFO] 
2026.02.16 16:04:33 INFO  [INFO] --- bloop:2.0.3:bloopInstall (default-cli) @ tiket ---
2026.02.16 16:04:33 INFO  [ERROR] org.scala-lang:scala([0-9]?)-library is missing from project dependencies
2026.02.16 16:04:33 INFO  [ERROR] org.scala-lang:scala([0-9]?)-library is missing from project dependencies
2026.02.16 16:04:33 INFO  [INFO] Resolving artifact: org.springframework.boot:spring-boot-autoconfigure:jar:3.5.10:compile (sources = false)
2026.02.16 16:04:33 INFO  [INFO] SUCCESS: org.springframework.boot:spring-boot-autoconfigure:jar:3.5.10:compile (sources = false)
2026.02.16 16:04:33 INFO  [INFO] Resolving artifact: org.springframework.boot:spring-boot-autoconfigure:jar:3.5.10:compile (sources = true)
2026.02.16 16:04:33 INFO  [INFO] SUCCESS: org.springframework.boot:spring-boot-autoconfigure:jar:3.5.10:compile (sources = true)
2026.02.16 16:04:33 INFO  [INFO] Resolving artifact: io.micrometer:micrometer-observation:jar:1.15.8:compile (sources = false)
2026.02.16 16:04:33 INFO  [INFO] SUCCESS: io.micrometer:micrometer-observation:jar:1.15.8:compile (sources = false)
2026.02.16 16:04:33 INFO  [INFO] Resolving artifact: io.micrometer:micrometer-observation:jar:1.15.8:compile (sources = true)
2026.02.16 16:04:33 INFO  [INFO] SUCCESS: io.micrometer:micrometer-observation:jar:1.15.8:compile (sources = true)
2026.02.16 16:04:33 INFO  [INFO] Resolving artifact: org.assertj:assertj-core:jar:3.27.6:test (sources = false)
2026.02.16 16:04:33 INFO  [INFO] SUCCESS: org.assertj:assertj-core:jar:3.27.6:test (sources = false)
2026.02.16 16:04:33 INFO  [INFO] Resolving artifact: org.assertj:assertj-core:jar:3.27.6:test (sources = true)
2026.02.16 16:04:33 INFO  [INFO] SUCCESS: org.assertj:assertj-core:jar:3.27.6:test (sources = true)
2026.02.16 16:04:33 INFO  [INFO] Resolving artifact: jakarta.xml.bind:jakarta.xml.bind-api:jar:4.0.4:test (sources = false)
2026.02.16 16:04:33 INFO  [INFO] SUCCESS: jakarta.xml.bind:jakarta.xml.bind-api:jar:4.0.4:test (sources = false)
2026.02.16 16:04:33 INFO  [INFO] Resolving artifact: jakarta.xml.bind:jakarta.xml.bind-api:jar:4.0.4:test (sources = true)
2026.02.16 16:04:33 INFO  [INFO] SUCCESS: jakarta.xml.bind:jakarta.xml.bind-api:jar:4.0.4:test (sources = true)
2026.02.16 16:04:33 INFO  [INFO] Resolving artifact: org.hamcrest:hamcrest:jar:3.0:test (sources = false)
2026.02.16 16:04:33 INFO  [INFO] SUCCESS: org.hamcrest:hamcrest:jar:3.0:test (sources = false)
2026.02.16 16:04:33 INFO  [INFO] Resolving artifact: org.hamcrest:hamcrest:jar:3.0:test (sources = true)
2026.02.16 16:04:33 INFO  [INFO] SUCCESS: org.hamcrest:hamcrest:jar:3.0:test (sources = true)
2026.02.16 16:04:33 INFO  [INFO] Resolving artifact: org.yaml:snakeyaml:jar:2.4:compile (sources = false)
2026.02.16 16:04:33 INFO  [INFO] SUCCESS: org.yaml:snakeyaml:jar:2.4:compile (sources = false)
2026.02.16 16:04:33 INFO  [INFO] Resolving artifact: org.yaml:snakeyaml:jar:2.4:compile (sources = true)
2026.02.16 16:04:33 INFO  [INFO] SUCCESS: org.yaml:snakeyaml:jar:2.4:compile (sources = true)
2026.02.16 16:04:33 INFO  [INFO] Resolving artifact: net.minidev:json-smart:jar:2.5.2:test (sources = false)
2026.02.16 16:04:33 INFO  [INFO] SUCCESS: net.minidev:json-smart:jar:2.5.2:test (sources = false)
2026.02.16 16:04:33 INFO  [INFO] Resolving artifact: net.minidev:json-smart:jar:2.5.2:test (sources = true)
2026.02.16 16:04:33 INFO  [INFO] SUCCESS: net.minidev:json-smart:jar:2.5.2:test (sources = true)
2026.02.16 16:04:33 INFO  [INFO] Resolving artifact: org.objenesis:objenesis:jar:3.3:test (sources = false)
2026.02.16 16:04:33 INFO  [INFO] SUCCESS: org.objenesis:objenesis:jar:3.3:test (sources = false)
2026.02.16 16:04:33 INFO  [INFO] Resolving artifact: org.objenesis:objenesis:jar:3.3:test (sources = true)
2026.02.16 16:04:33 INFO  [INFO] SUCCESS: org.objenesis:objenesis:jar:3.3:test (sources = true)
2026.02.16 16:04:33 INFO  [INFO] Resolving artifact: org.apache.logging.log4j:log4j-to-slf4j:jar:2.24.3:compile (sources = false)
2026.02.16 16:04:33 INFO  [INFO] SUCCESS: org.apache.logging.log4j:log4j-to-slf4j:jar:2.24.3:compile (sources = false)
2026.02.16 16:04:33 INFO  [INFO] Resolving artifact: org.apache.logging.log4j:log4j-to-slf4j:jar:2.24.3:compile (sources = true)
2026.02.16 16:04:33 INFO  [INFO] SUCCESS: org.apache.logging.log4j:log4j-to-slf4j:jar:2.24.3:compile (sources = true)
2026.02.16 16:04:33 INFO  [INFO] Resolving artifact: org.junit.jupiter:junit-jupiter-params:jar:5.12.2:test (sources = false)
2026.02.16 16:04:33 INFO  [INFO] SUCCESS: org.junit.jupiter:junit-jupiter-params:jar:5.12.2:test (sources = false)
2026.02.16 16:04:33 INFO  [INFO] Resolving artifact: org.junit.jupiter:junit-jupiter-params:jar:5.12.2:test (sources = true)
2026.02.16 16:04:33 INFO  [INFO] SUCCESS: org.junit.jupiter:junit-jupiter-params:jar:5.12.2:test (sources = true)
2026.02.16 16:04:33 INFO  [INFO] Resolving artifact: org.slf4j:slf4j-api:jar:2.0.17:compile (sources = false)
2026.02.16 16:04:33 INFO  [INFO] SUCCESS: org.slf4j:slf4j-api:jar:2.0.17:compile (sources = false)
2026.02.16 16:04:33 INFO  [INFO] Resolving artifact: org.slf4j:slf4j-api:jar:2.0.17:compile (sources = true)
2026.02.16 16:04:33 INFO  [INFO] SUCCESS: org.slf4j:slf4j-api:jar:2.0.17:compile (sources = true)
2026.02.16 16:04:33 INFO  [INFO] Resolving artifact: org.springframework:spring-core:jar:6.2.15:compile (sources = false)
2026.02.16 16:04:33 INFO  [INFO] SUCCESS: org.springframework:spring-core:jar:6.2.15:compile (sources = false)
2026.02.16 16:04:33 INFO  [INFO] Resolving artifact: org.springframework:spring-core:jar:6.2.15:compile (sources = true)
2026.02.16 16:04:33 INFO  [INFO] SUCCESS: org.springframework:spring-core:jar:6.2.15:compile (sources = true)
2026.02.16 16:04:33 INFO  [INFO] Resolving artifact: net.minidev:accessors-smart:jar:2.5.2:test (sources = false)
2026.02.16 16:04:33 INFO  [INFO] SUCCESS: net.minidev:accessors-smart:jar:2.5.2:test (sources = false)
2026.02.16 16:04:33 INFO  [INFO] Resolving artifact: net.minidev:accessors-smart:jar:2.5.2:test (sources = true)
2026.02.16 16:04:33 INFO  [INFO] SUCCESS: net.minidev:accessors-smart:jar:2.5.2:test (sources = true)
2026.02.16 16:04:33 INFO  [INFO] Resolving artifact: io.micrometer:micrometer-commons:jar:1.15.8:compile (sources = false)
2026.02.16 16:04:33 INFO  [INFO] SUCCESS: io.micrometer:micrometer-commons:jar:1.15.8:compile (sources = false)
2026.02.16 16:04:33 INFO  [INFO] Resolving artifact: io.micrometer:micrometer-commons:jar:1.15.8:compile (sources = true)
2026.02.16 16:04:33 INFO  [INFO] SUCCESS: io.micrometer:micrometer-commons:jar:1.15.8:compile (sources = true)
2026.02.16 16:04:33 INFO  [INFO] Resolving artifact: org.mockito:mockito-junit-jupiter:jar:5.17.0:test (sources = false)
2026.02.16 16:04:33 INFO  [INFO] SUCCESS: org.mockito:mockito-junit-jupiter:jar:5.17.0:test (sources = false)
2026.02.16 16:04:33 INFO  [INFO] Resolving artifact: org.mockito:mockito-junit-jupiter:jar:5.17.0:test (sources = true)
2026.02.16 16:04:33 INFO  [INFO] SUCCESS: org.mockito:mockito-junit-jupiter:jar:5.17.0:test (sources = true)
2026.02.16 16:04:33 INFO  [INFO] Resolving artifact: org.mockito:mockito-core:jar:5.17.0:test (sources = false)
2026.02.16 16:04:33 INFO  [INFO] SUCCESS: org.mockito:mockito-core:jar:5.17.0:test (sources = false)
2026.02.16 16:04:33 INFO  [INFO] Resolving artifact: org.mockito:mockito-core:jar:5.17.0:test (sources = true)
2026.02.16 16:04:33 INFO  [INFO] SUCCESS: org.mockito:mockito-core:jar:5.17.0:test (sources = true)
2026.02.16 16:04:33 INFO  [INFO] Resolving artifact: org.ow2.asm:asm:jar:9.7.1:test (sources = false)
2026.02.16 16:04:33 INFO  [INFO] SUCCESS: org.ow2.asm:asm:jar:9.7.1:test (sources = false)
2026.02.16 16:04:33 INFO  [INFO] Resolving artifact: org.ow2.asm:asm:jar:9.7.1:test (sources = true)
2026.02.16 16:04:33 INFO  [INFO] SUCCESS: org.ow2.asm:asm:jar:9.7.1:test (sources = true)
2026.02.16 16:04:33 INFO  [INFO] Resolving artifact: org.junit.jupiter:junit-jupiter-api:jar:5.12.2:test (sources = false)
2026.02.16 16:04:33 INFO  [INFO] SUCCESS: org.junit.jupiter:junit-jupiter-api:jar:5.12.2:test (sources = false)
2026.02.16 16:04:33 INFO  [INFO] Resolving artifact: org.junit.jupiter:junit-jupiter-api:jar:5.12.2:test (sources = true)
2026.02.16 16:04:33 INFO  [INFO] SUCCESS: org.junit.jupiter:junit-jupiter-api:jar:5.12.2:test (sources = true)
2026.02.16 16:04:33 INFO  [INFO] Resolving artifact: org.thymeleaf:thymeleaf:jar:3.1.3.RELEASE:compile (sources = false)
2026.02.16 16:04:33 INFO  [INFO] SUCCESS: org.thymeleaf:thymeleaf:jar:3.1.3.RELEASE:compile (sources = false)
2026.02.16 16:04:33 INFO  [INFO] Resolving artifact: org.thymeleaf:thymeleaf:jar:3.1.3.RELEASE:compile (sources = true)
2026.02.16 16:04:33 INFO  [INFO] SUCCESS: org.thymeleaf:thymeleaf:jar:3.1.3.RELEASE:compile (sources = true)
2026.02.16 16:04:33 INFO  [INFO] Resolving artifact: org.springframework.boot:spring-boot-test:jar:3.5.10:test (sources = false)
2026.02.16 16:04:33 INFO  [INFO] SUCCESS: org.springframework.boot:spring-boot-test:jar:3.5.10:test (sources = false)
2026.02.16 16:04:33 INFO  [INFO] Resolving artifact: org.springframework.boot:spring-boot-test:jar:3.5.10:test (sources = true)
2026.02.16 16:04:33 INFO  [INFO] SUCCESS: org.springframework.boot:spring-boot-test:jar:3.5.10:test (sources = true)
2026.02.16 16:04:33 INFO  [INFO] Resolving artifact: org.slf4j:jul-to-slf4j:jar:2.0.17:compile (sources = false)
2026.02.16 16:04:33 INFO  [INFO] SUCCESS: org.slf4j:jul-to-slf4j:jar:2.0.17:compile (sources = false)
2026.02.16 16:04:33 INFO  [INFO] Resolving artifact: org.slf4j:jul-to-slf4j:jar:2.0.17:compile (sources = true)
2026.02.16 16:04:33 INFO  [INFO] SUCCESS: org.slf4j:jul-to-slf4j:jar:2.0.17:compile (sources = true)
2026.02.16 16:04:33 INFO  [INFO] Resolving artifact: ch.qos.logback:logback-classic:jar:1.5.25:compile (sources = false)
2026.02.16 16:04:33 INFO  [INFO] SUCCESS: ch.qos.logback:logback-classic:jar:1.5.25:compile (sources = false)
2026.02.16 16:04:33 INFO  [INFO] Resolving artifact: ch.qos.logback:logback-classic:jar:1.5.25:compile (sources = true)
2026.02.16 16:04:33 INFO  [INFO] SUCCESS: ch.qos.logback:logback-classic:jar:1.5.25:compile (sources = true)
2026.02.16 16:04:33 INFO  [INFO] Resolving artifact: org.springframework.boot:spring-boot-starter:jar:3.5.10:compile (sources = false)
2026.02.16 16:04:33 INFO  [INFO] SUCCESS: org.springframework.boot:spring-boot-starter:jar:3.5.10:compile (sources = false)
2026.02.16 16:04:33 INFO  [INFO] Resolving artifact: org.springframework.boot:spring-boot-starter:jar:3.5.10:compile (sources = true)
2026.02.16 16:04:33 INFO  [INFO] SUCCESS: org.springframework.boot:spring-boot-starter:jar:3.5.10:compile (sources = true)
2026.02.16 16:04:33 INFO  [INFO] Resolving artifact: com.fasterxml.jackson.datatype:jackson-datatype-jdk8:jar:2.19.4:compile (sources = false)
2026.02.16 16:04:33 INFO  [INFO] SUCCESS: com.fasterxml.jackson.datatype:jackson-datatype-jdk8:jar:2.19.4:compile (sources = false)
2026.02.16 16:04:33 INFO  [INFO] Resolving artifact: com.fasterxml.jackson.datatype:jackson-datatype-jdk8:jar:2.19.4:compile (sources = true)
2026.02.16 16:04:33 INFO  [INFO] SUCCESS: com.fasterxml.jackson.datatype:jackson-datatype-jdk8:jar:2.19.4:compile (sources = true)
2026.02.16 16:04:33 INFO  [INFO] Resolving artifact: com.fasterxml.jackson.module:jackson-module-parameter-names:jar:2.19.4:compile (sources = false)
2026.02.16 16:04:33 INFO  [INFO] SUCCESS: com.fasterxml.jackson.module:jackson-module-parameter-names:jar:2.19.4:compile (sources = false)
2026.02.16 16:04:33 INFO  [INFO] Resolving artifact: com.fasterxml.jackson.module:jackson-module-parameter-names:jar:2.19.4:compile (sources = true)
2026.02.16 16:04:33 INFO  [INFO] SUCCESS: com.fasterxml.jackson.module:jackson-module-parameter-names:jar:2.19.4:compile (sources = true)
2026.02.16 16:04:33 INFO  [INFO] Resolving artifact: ch.qos.logback:logback-core:jar:1.5.25:compile (sources = false)
2026.02.16 16:04:33 INFO  [INFO] SUCCESS: ch.qos.logback:logback-core:jar:1.5.25:compile (sources = false)
2026.02.16 16:04:33 INFO  [INFO] Resolving artifact: ch.qos.logback:logback-core:jar:1.5.25:compile (sources = true)
2026.02.16 16:04:33 INFO  [INFO] SUCCESS: ch.qos.logback:logback-core:jar:1.5.25:compile (sources = true)
2026.02.16 16:04:33 INFO  [INFO] Resolving artifact: org.springframework:spring-jcl:jar:6.2.15:compile (sources = false)
2026.02.16 16:04:33 INFO  [INFO] SUCCESS: org.springframework:spring-jcl:jar:6.2.15:compile (sources = false)
2026.02.16 16:04:33 INFO  [INFO] Resolving artifact: org.springframework:spring-jcl:jar:6.2.15:compile (sources = true)
2026.02.16 16:04:33 INFO  [INFO] SUCCESS: org.springframework:spring-jcl:jar:6.2.15:compile (sources = true)
2026.02.16 16:04:33 INFO  [INFO] Resolving artifact: org.springframework.boot:spring-boot-starter-json:jar:3.5.10:compile (sources = false)
2026.02.16 16:04:33 INFO  [INFO] SUCCESS: org.springframework.boot:spring-boot-starter-json:jar:3.5.10:compile (sources = false)
2026.02.16 16:04:33 INFO  [INFO] Resolving artifact: org.springframework.boot:spring-boot-starter-json:jar:3.5.10:compile (sources = true)
2026.02.16 16:04:33 INFO  [INFO] SUCCESS: org.springframework.boot:spring-boot-starter-json:jar:3.5.10:compile (sources = true)
2026.02.16 16:04:33 INFO  [INFO] Resolving artifact: org.opentest4j:opentest4j:jar:1.3.0:test (sources = false)
2026.02.16 16:04:33 INFO  [INFO] SUCCESS: org.opentest4j:opentest4j:jar:1.3.0:test (sources = false)
2026.02.16 16:04:33 INFO  [INFO] Resolving artifact: org.opentest4j:opentest4j:jar:1.3.0:test (sources = true)
2026.02.16 16:04:33 INFO  [INFO] SUCCESS: org.opentest4j:opentest4j:jar:1.3.0:test (sources = true)
2026.02.16 16:04:33 INFO  [INFO] Resolving artifact: org.attoparser:attoparser:jar:2.0.7.RELEASE:compile (sources = false)
2026.02.16 16:04:33 INFO  [INFO] SUCCESS: org.attoparser:attoparser:jar:2.0.7.RELEASE:compile (sources = false)
2026.02.16 16:04:33 INFO  [INFO] Resolving artifact: org.attoparser:attoparser:jar:2.0.7.RELEASE:compile (sources = true)
2026.02.16 16:04:33 INFO  [INFO] SUCCESS: org.attoparser:attoparser:jar:2.0.7.RELEASE:compile (sources = true)
2026.02.16 16:04:33 INFO  [INFO] Resolving artifact: org.junit.jupiter:junit-jupiter-engine:jar:5.12.2:test (sources = false)
2026.02.16 16:04:33 INFO  [INFO] SUCCESS: org.junit.jupiter:junit-jupiter-engine:jar:5.12.2:test (sources = false)
2026.02.16 16:04:33 INFO  [INFO] Resolving artifact: org.junit.jupiter:junit-jupiter-engine:jar:5.12.2:test (sources = true)
2026.02.16 16:04:33 INFO  [INFO] SUCCESS: org.junit.jupiter:junit-jupiter-engine:jar:5.12.2:test (sources = true)
2026.02.16 16:04:33 INFO  [INFO] Resolving artifact: org.skyscreamer:jsonassert:jar:1.5.3:test (sources = false)
2026.02.16 16:04:33 INFO  [INFO] SUCCESS: org.skyscreamer:jsonassert:jar:1.5.3:test (sources = false)
2026.02.16 16:04:33 INFO  [INFO] Resolving artifact: org.skyscreamer:jsonassert:jar:1.5.3:test (sources = true)
2026.02.16 16:04:33 INFO  [INFO] SUCCESS: org.skyscreamer:jsonassert:jar:1.5.3:test (sources = true)
2026.02.16 16:04:33 INFO  [INFO] Resolving artifact: com.fasterxml.jackson.core:jackson-core:jar:2.19.4:compile (sources = false)
2026.02.16 16:04:33 INFO  [INFO] SUCCESS: com.fasterxml.jackson.core:jackson-core:jar:2.19.4:compile (sources = false)
2026.02.16 16:04:33 INFO  [INFO] Resolving artifact: com.fasterxml.jackson.core:jackson-core:jar:2.19.4:compile (sources = true)
2026.02.16 16:04:33 INFO  [INFO] SUCCESS: com.fasterxml.jackson.core:jackson-core:jar:2.19.4:compile (sources = true)
2026.02.16 16:04:33 INFO  [INFO] Resolving artifact: org.springframework.boot:spring-boot-starter-tomcat:jar:3.5.10:compile (sources = false)
2026.02.16 16:04:33 INFO  [INFO] SUCCESS: org.springframework.boot:spring-boot-starter-tomcat:jar:3.5.10:compile (sources = false)
2026.02.16 16:04:33 INFO  [INFO] Resolving artifact: org.springframework.boot:spring-boot-starter-tomcat:jar:3.5.10:compile (sources = true)
2026.02.16 16:04:33 INFO  [INFO] SUCCESS: org.springframework.boot:spring-boot-starter-tomcat:jar:3.5.10:compile (sources = true)
2026.02.16 16:04:33 INFO  [INFO] Resolving artifact: org.springframework:spring-context:jar:6.2.15:compile (sources = false)
2026.02.16 16:04:33 INFO  [INFO] SUCCESS: org.springframework:spring-context:jar:6.2.15:compile (sources = false)
2026.02.16 16:04:33 INFO  [INFO] Resolving artifact: org.springframework:spring-context:jar:6.2.15:compile (sources = true)
2026.02.16 16:04:33 INFO  [INFO] SUCCESS: org.springframework:spring-context:jar:6.2.15:compile (sources = true)
2026.02.16 16:04:33 INFO  [INFO] Resolving artifact: org.springframework:spring-expression:jar:6.2.15:compile (sources = false)
2026.02.16 16:04:33 INFO  [INFO] SUCCESS: org.springframework:spring-expression:jar:6.2.15:compile (sources = false)
2026.02.16 16:04:33 INFO  [INFO] Resolving artifact: org.springframework:spring-expression:jar:6.2.15:compile (sources = true)
2026.02.16 16:04:33 INFO  [INFO] SUCCESS: org.springframework:spring-expression:jar:6.2.15:compile (sources = true)
2026.02.16 16:04:33 INFO  [INFO] Resolving artifact: com.fasterxml.jackson.datatype:jackson-datatype-jsr310:jar:2.19.4:compile (sources = false)
2026.02.16 16:04:33 INFO  [INFO] SUCCESS: com.fasterxml.jackson.datatype:jackson-datatype-jsr310:jar:2.19.4:compile (sources = false)
2026.02.16 16:04:33 INFO  [INFO] Resolving artifact: com.fasterxml.jackson.datatype:jackson-datatype-jsr310:jar:2.19.4:compile (sources = true)
2026.02.16 16:04:33 INFO  [INFO] SUCCESS: com.fasterxml.jackson.datatype:jackson-datatype-jsr310:jar:2.19.4:compile (sources = true)
2026.02.16 16:04:33 INFO  [INFO] Resolving artifact: org.springframework:spring-beans:jar:6.2.15:compile (sources = false)
2026.02.16 16:04:33 INFO  [INFO] SUCCESS: org.springframework:spring-beans:jar:6.2.15:compile (sources = false)
2026.02.16 16:04:33 INFO  [INFO] Resolving artifact: org.springframework:spring-beans:jar:6.2.15:compile (sources = true)
2026.02.16 16:04:33 INFO  [INFO] SUCCESS: org.springframework:spring-beans:jar:6.2.15:compile (sources = true)
2026.02.16 16:04:33 INFO  [INFO] Resolving artifact: org.springframework:spring-aop:jar:6.2.15:compile (sources = false)
2026.02.16 16:04:33 INFO  [INFO] SUCCESS: org.springframework:spring-aop:jar:6.2.15:compile (sources = false)
2026.02.16 16:04:33 INFO  [INFO] Resolving artifact: org.springframework:spring-aop:jar:6.2.15:compile (sources = true)
2026.02.16 16:04:33 INFO  [INFO] SUCCESS: org.springframework:spring-aop:jar:6.2.15:compile (sources = true)
2026.02.16 16:04:33 INFO  [INFO] Resolving artifact: org.springframework.boot:spring-boot-starter-web:jar:3.5.10:compile (sources = false)
2026.02.16 16:04:33 INFO  [INFO] SUCCESS: org.springframework.boot:spring-boot-starter-web:jar:3.5.10:compile (sources = false)
2026.02.16 16:04:33 INFO  [INFO] Resolving artifact: org.springframework.boot:spring-boot-starter-web:jar:3.5.10:compile (sources = true)
2026.02.16 16:04:33 INFO  [INFO] SUCCESS: org.springframework.boot:spring-boot-starter-web:jar:3.5.10:compile (sources = true)
2026.02.16 16:04:33 INFO  [INFO] Resolving artifact: org.xmlunit:xmlunit-core:jar:2.10.4:test (sources = false)
2026.02.16 16:04:33 INFO  [INFO] SUCCESS: org.xmlunit:xmlunit-core:jar:2.10.4:test (sources = false)
2026.02.16 16:04:33 INFO  [INFO] Resolving artifact: org.xmlunit:xmlunit-core:jar:2.10.4:test (sources = true)
2026.02.16 16:04:33 INFO  [INFO] SUCCESS: org.xmlunit:xmlunit-core:jar:2.10.4:test (sources = true)
2026.02.16 16:04:33 INFO  [INFO] Resolving artifact: jakarta.annotation:jakarta.annotation-api:jar:2.1.1:compile (sources = false)
2026.02.16 16:04:33 INFO  [INFO] SUCCESS: jakarta.annotation:jakarta.annotation-api:jar:2.1.1:compile (sources = false)
2026.02.16 16:04:33 INFO  [INFO] Resolving artifact: jakarta.annotation:jakarta.annotation-api:jar:2.1.1:compile (sources = true)
2026.02.16 16:04:33 INFO  [INFO] SUCCESS: jakarta.annotation:jakarta.annotation-api:jar:2.1.1:compile (sources = true)
2026.02.16 16:04:33 INFO  [INFO] Resolving artifact: org.springframework.boot:spring-boot-test-autoconfigure:jar:3.5.10:test (sources = false)
2026.02.16 16:04:33 INFO  [INFO] SUCCESS: org.springframework.boot:spring-boot-test-autoconfigure:jar:3.5.10:test (sources = false)
2026.02.16 16:04:33 INFO  [INFO] Resolving artifact: org.springframework.boot:spring-boot-test-autoconfigure:jar:3.5.10:test (sources = true)
2026.02.16 16:04:33 INFO  [INFO] SUCCESS: org.springframework.boot:spring-boot-test-autoconfigure:jar:3.5.10:test (sources = true)
2026.02.16 16:04:33 INFO  [INFO] Resolving artifact: org.awaitility:awaitility:jar:4.2.2:test (sources = false)
2026.02.16 16:04:33 INFO  [INFO] SUCCESS: org.awaitility:awaitility:jar:4.2.2:test (sources = false)
2026.02.16 16:04:33 INFO  [INFO] Resolving artifact: org.awaitility:awaitility:jar:4.2.2:test (sources = true)
2026.02.16 16:04:33 INFO  [INFO] SUCCESS: org.awaitility:awaitility:jar:4.2.2:test (sources = true)
2026.02.16 16:04:33 INFO  [INFO] Resolving artifact: com.fasterxml.jackson.core:jackson-databind:jar:2.19.4:compile (sources = false)
2026.02.16 16:04:33 INFO  [INFO] SUCCESS: com.fasterxml.jackson.core:jackson-databind:jar:2.19.4:compile (sources = false)
2026.02.16 16:04:33 INFO  [INFO] Resolving artifact: com.fasterxml.jackson.core:jackson-databind:jar:2.19.4:compile (sources = true)
2026.02.16 16:04:33 INFO  [INFO] SUCCESS: com.fasterxml.jackson.core:jackson-databind:jar:2.19.4:compile (sources = true)
2026.02.16 16:04:33 INFO  [INFO] Resolving artifact: org.springframework:spring-test:jar:6.2.15:test (sources = false)
2026.02.16 16:04:33 INFO  [INFO] SUCCESS: org.springframework:spring-test:jar:6.2.15:test (sources = false)
2026.02.16 16:04:33 INFO  [INFO] Resolving artifact: org.springframework:spring-test:jar:6.2.15:test (sources = true)
2026.02.16 16:04:33 INFO  [INFO] SUCCESS: org.springframework:spring-test:jar:6.2.15:test (sources = true)
2026.02.16 16:04:33 INFO  [INFO] Resolving artifact: org.springframework.boot:spring-boot-starter-logging:jar:3.5.10:compile (sources = false)
2026.02.16 16:04:33 INFO  [INFO] SUCCESS: org.springframework.boot:spring-boot-starter-logging:jar:3.5.10:compile (sources = false)
2026.02.16 16:04:33 INFO  [INFO] Resolving artifact: org.springframework.boot:spring-boot-starter-logging:jar:3.5.10:compile (sources = true)
2026.02.16 16:04:33 INFO  [INFO] SUCCESS: org.springframework.boot:spring-boot-starter-logging:jar:3.5.10:compile (sources = true)
2026.02.16 16:04:33 INFO  [INFO] Resolving artifact: org.junit.jupiter:junit-jupiter:jar:5.12.2:test (sources = false)
2026.02.16 16:04:33 INFO  [INFO] SUCCESS: org.junit.jupiter:junit-jupiter:jar:5.12.2:test (sources = false)
2026.02.16 16:04:33 INFO  [INFO] Resolving artifact: org.junit.jupiter:junit-jupiter:jar:5.12.2:test (sources = true)
2026.02.16 16:04:33 INFO  [INFO] SUCCESS: org.junit.jupiter:junit-jupiter:jar:5.12.2:test (sources = true)
2026.02.16 16:04:33 INFO  [INFO] Resolving artifact: org.springframework.boot:spring-boot-starter-test:jar:3.5.10:test (sources = false)
2026.02.16 16:04:33 INFO  [INFO] SUCCESS: org.springframework.boot:spring-boot-starter-test:jar:3.5.10:test (sources = false)
2026.02.16 16:04:33 INFO  [INFO] Resolving artifact: org.springframework.boot:spring-boot-starter-test:jar:3.5.10:test (sources = true)
2026.02.16 16:04:33 INFO  [INFO] SUCCESS: org.springframework.boot:spring-boot-starter-test:jar:3.5.10:test (sources = true)
2026.02.16 16:04:33 INFO  [INFO] Resolving artifact: org.thymeleaf:thymeleaf-spring6:jar:3.1.3.RELEASE:compile (sources = false)
2026.02.16 16:04:33 INFO  [INFO] SUCCESS: org.thymeleaf:thymeleaf-spring6:jar:3.1.3.RELEASE:compile (sources = false)
2026.02.16 16:04:33 INFO  [INFO] Resolving artifact: org.thymeleaf:thymeleaf-spring6:jar:3.1.3.RELEASE:compile (sources = true)
2026.02.16 16:04:33 INFO  [INFO] SUCCESS: org.thymeleaf:thymeleaf-spring6:jar:3.1.3.RELEASE:compile (sources = true)
2026.02.16 16:04:33 INFO  [INFO] Resolving artifact: org.unbescape:unbescape:jar:1.1.6.RELEASE:compile (sources = false)
2026.02.16 16:04:33 INFO  [INFO] SUCCESS: org.unbescape:unbescape:jar:1.1.6.RELEASE:compile (sources = false)
2026.02.16 16:04:33 INFO  [INFO] Resolving artifact: org.unbescape:unbescape:jar:1.1.6.RELEASE:compile (sources = true)
2026.02.16 16:04:33 INFO  [INFO] SUCCESS: org.unbescape:unbescape:jar:1.1.6.RELEASE:compile (sources = true)
2026.02.16 16:04:33 INFO  [INFO] Resolving artifact: org.springframework.boot:spring-boot-devtools:jar:3.5.10:runtime (sources = false)
2026.02.16 16:04:33 INFO  [INFO] SUCCESS: org.springframework.boot:spring-boot-devtools:jar:3.5.10:runtime (sources = false)
2026.02.16 16:04:33 INFO  [INFO] Resolving artifact: org.springframework.boot:spring-boot-devtools:jar:3.5.10:runtime (sources = true)
2026.02.16 16:04:33 INFO  Downloading from central: https://repo.maven.apache.org/maven2/org/springframework/boot/spring-boot-devtools/3.5.10/spring-boot-devtools-3.5.10-sources.jar
2026.02.16 16:04:34 INFO  Progress (1): 0.9/138 kB
2026.02.16 16:04:34 INFO  Progress (1): 2.3/138 kB
2026.02.16 16:04:34 INFO  Progress (1): 3.7/138 kB
2026.02.16 16:04:34 INFO  Progress (1): 5.0/138 kB
2026.02.16 16:04:34 INFO  Progress (1): 6.4/138 kB
2026.02.16 16:04:34 INFO  Progress (1): 7.8/138 kB
2026.02.16 16:04:34 INFO  Progress (1): 9.1/138 kB
2026.02.16 16:04:34 INFO  Progress (1): 11/138 kB 
2026.02.16 16:04:34 INFO  Progress (1): 12/138 kB
2026.02.16 16:04:34 INFO  Progress (1): 13/138 kB
2026.02.16 16:04:34 INFO  Progress (1): 15/138 kB
2026.02.16 16:04:34 INFO  Progress (1): 16/138 kB
2026.02.16 16:04:34 INFO  Progress (1): 17/138 kB
2026.02.16 16:04:34 INFO  Progress (1): 19/138 kB
2026.02.16 16:04:34 INFO  Progress (1): 20/138 kB
2026.02.16 16:04:34 INFO  Progress (1): 21/138 kB
2026.02.16 16:04:34 INFO  Progress (1): 23/138 kB
2026.02.16 16:04:34 INFO  Progress (1): 24/138 kB
2026.02.16 16:04:34 INFO  Progress (1): 26/138 kB
2026.02.16 16:04:34 INFO  Progress (1): 27/138 kB
2026.02.16 16:04:34 INFO  Progress (1): 28/138 kB
2026.02.16 16:04:34 INFO  Progress (1): 30/138 kB
2026.02.16 16:04:34 INFO  Progress (1): 31/138 kB
2026.02.16 16:04:34 INFO  Progress (1): 32/138 kB
2026.02.16 16:04:34 INFO  Progress (1): 34/138 kB
2026.02.16 16:04:34 INFO  Progress (1): 35/138 kB
2026.02.16 16:04:34 INFO  Progress (1): 37/138 kB
2026.02.16 16:04:34 INFO  Progress (1): 38/138 kB
2026.02.16 16:04:34 INFO  Progress (1): 39/138 kB
2026.02.16 16:04:34 INFO  Progress (1): 41/138 kB
2026.02.16 16:04:34 INFO  Progress (1): 42/138 kB
2026.02.16 16:04:34 INFO  Progress (1): 43/138 kB
2026.02.16 16:04:34 INFO  Progress (1): 45/138 kB
2026.02.16 16:04:34 INFO  Progress (1): 46/138 kB
2026.02.16 16:04:34 INFO  Progress (1): 47/138 kB
2026.02.16 16:04:34 INFO  Progress (1): 49/138 kB
2026.02.16 16:04:34 INFO  Progress (1): 50/138 kB
2026.02.16 16:04:34 INFO  Progress (1): 52/138 kB
2026.02.16 16:04:34 INFO  Progress (1): 53/138 kB
2026.02.16 16:04:34 INFO  Progress (1): 54/138 kB
2026.02.16 16:04:34 INFO  Progress (1): 56/138 kB
2026.02.16 16:04:34 INFO  Progress (1): 60/138 kB
2026.02.16 16:04:34 INFO  Progress (1): 64/138 kB
2026.02.16 16:04:34 INFO  Progress (1): 68/138 kB
2026.02.16 16:04:34 INFO  Progress (1): 73/138 kB
2026.02.16 16:04:34 INFO  Progress (1): 77/138 kB
2026.02.16 16:04:34 INFO  Progress (1): 81/138 kB
2026.02.16 16:04:34 INFO  Progress (1): 85/138 kB
2026.02.16 16:04:34 INFO  Progress (1): 90/138 kB
2026.02.16 16:04:34 INFO  Progress (1): 94/138 kB
2026.02.16 16:04:34 INFO  Progress (1): 98/138 kB
2026.02.16 16:04:34 INFO  Progress (1): 102/138 kB
2026.02.16 16:04:34 INFO  Progress (1): 106/138 kB
2026.02.16 16:04:34 INFO  Progress (1): 111/138 kB
2026.02.16 16:04:34 INFO  Progress (1): 115/138 kB
2026.02.16 16:04:34 INFO  Progress (1): 119/138 kB
2026.02.16 16:04:34 INFO  Progress (1): 123/138 kB
2026.02.16 16:04:34 INFO  Progress (1): 128/138 kB
2026.02.16 16:04:34 INFO  Progress (1): 132/138 kB
2026.02.16 16:04:34 INFO  Progress (1): 136/138 kB
2026.02.16 16:04:34 INFO  Progress (1): 138 kB    
2026.02.16 16:04:34 INFO                      
2026.02.16 16:04:34 INFO  Downloaded from central: https://repo.maven.apache.org/maven2/org/springframework/boot/spring-boot-devtools/3.5.10/spring-boot-devtools-3.5.10-sources.jar (138 kB at 406 kB/s)
2026.02.16 16:04:34 INFO  [INFO] SUCCESS: org.springframework.boot:spring-boot-devtools:jar:3.5.10:runtime (sources = true)
2026.02.16 16:04:34 INFO  [INFO] Resolving artifact: org.junit.platform:junit-platform-commons:jar:1.12.2:test (sources = false)
2026.02.16 16:04:34 INFO  [INFO] SUCCESS: org.junit.platform:junit-platform-commons:jar:1.12.2:test (sources = false)
2026.02.16 16:04:34 INFO  [INFO] Resolving artifact: org.junit.platform:junit-platform-commons:jar:1.12.2:test (sources = true)
2026.02.16 16:04:34 INFO  [INFO] SUCCESS: org.junit.platform:junit-platform-commons:jar:1.12.2:test (sources = true)
2026.02.16 16:04:34 INFO  [INFO] Resolving artifact: net.bytebuddy:byte-buddy:jar:1.17.8:test (sources = false)
2026.02.16 16:04:34 INFO  [INFO] SUCCESS: net.bytebuddy:byte-buddy:jar:1.17.8:test (sources = false)
2026.02.16 16:04:34 INFO  [INFO] Resolving artifact: net.bytebuddy:byte-buddy:jar:1.17.8:test (sources = true)
2026.02.16 16:04:34 INFO  [INFO] SUCCESS: net.bytebuddy:byte-buddy:jar:1.17.8:test (sources = true)
2026.02.16 16:04:34 INFO  [INFO] Resolving artifact: org.apache.tomcat.embed:tomcat-embed-websocket:jar:10.1.50:compile (sources = false)
2026.02.16 16:04:34 INFO  [INFO] SUCCESS: org.apache.tomcat.embed:tomcat-embed-websocket:jar:10.1.50:compile (sources = false)
2026.02.16 16:04:34 INFO  [INFO] Resolving artifact: org.apache.tomcat.embed:tomcat-embed-websocket:jar:10.1.50:compile (sources = true)
2026.02.16 16:04:34 INFO  [INFO] SUCCESS: org.apache.tomcat.embed:tomcat-embed-websocket:jar:10.1.50:compile (sources = true)
2026.02.16 16:04:34 INFO  [INFO] Resolving artifact: org.springframework:spring-web:jar:6.2.15:compile (sources = false)
2026.02.16 16:04:34 INFO  [INFO] SUCCESS: org.springframework:spring-web:jar:6.2.15:compile (sources = false)
2026.02.16 16:04:34 INFO  [INFO] Resolving artifact: org.springframework:spring-web:jar:6.2.15:compile (sources = true)
2026.02.16 16:04:34 INFO  [INFO] SUCCESS: org.springframework:spring-web:jar:6.2.15:compile (sources = true)
2026.02.16 16:04:34 INFO  [INFO] Resolving artifact: org.apache.tomcat.embed:tomcat-embed-core:jar:10.1.50:compile (sources = false)
2026.02.16 16:04:34 INFO  [INFO] SUCCESS: org.apache.tomcat.embed:tomcat-embed-core:jar:10.1.50:compile (sources = false)
2026.02.16 16:04:34 INFO  [INFO] Resolving artifact: org.apache.tomcat.embed:tomcat-embed-core:jar:10.1.50:compile (sources = true)
2026.02.16 16:04:34 INFO  [INFO] SUCCESS: org.apache.tomcat.embed:tomcat-embed-core:jar:10.1.50:compile (sources = true)
2026.02.16 16:04:34 INFO  [INFO] Resolving artifact: com.jayway.jsonpath:json-path:jar:2.9.0:test (sources = false)
2026.02.16 16:04:34 INFO  [INFO] SUCCESS: com.jayway.jsonpath:json-path:jar:2.9.0:test (sources = false)
2026.02.16 16:04:34 INFO  [INFO] Resolving artifact: com.jayway.jsonpath:json-path:jar:2.9.0:test (sources = true)
2026.02.16 16:04:34 INFO  [INFO] SUCCESS: com.jayway.jsonpath:json-path:jar:2.9.0:test (sources = true)
2026.02.16 16:04:34 INFO  [INFO] Resolving artifact: org.springframework.boot:spring-boot:jar:3.5.10:compile (sources = false)
2026.02.16 16:04:34 INFO  [INFO] SUCCESS: org.springframework.boot:spring-boot:jar:3.5.10:compile (sources = false)
2026.02.16 16:04:34 INFO  [INFO] Resolving artifact: org.springframework.boot:spring-boot:jar:3.5.10:compile (sources = true)
2026.02.16 16:04:34 INFO  [INFO] SUCCESS: org.springframework.boot:spring-boot:jar:3.5.10:compile (sources = true)
2026.02.16 16:04:34 INFO  [INFO] Resolving artifact: jakarta.activation:jakarta.activation-api:jar:2.1.4:test (sources = false)
2026.02.16 16:04:34 INFO  [INFO] SUCCESS: jakarta.activation:jakarta.activation-api:jar:2.1.4:test (sources = false)
2026.02.16 16:04:34 INFO  [INFO] Resolving artifact: jakarta.activation:jakarta.activation-api:jar:2.1.4:test (sources = true)
2026.02.16 16:04:34 INFO  [INFO] SUCCESS: jakarta.activation:jakarta.activation-api:jar:2.1.4:test (sources = true)
2026.02.16 16:04:34 INFO  [INFO] Resolving artifact: org.apiguardian:apiguardian-api:jar:1.1.2:test (sources = false)
2026.02.16 16:04:34 INFO  [INFO] SUCCESS: org.apiguardian:apiguardian-api:jar:1.1.2:test (sources = false)
2026.02.16 16:04:34 INFO  [INFO] Resolving artifact: org.apiguardian:apiguardian-api:jar:1.1.2:test (sources = true)
2026.02.16 16:04:34 INFO  [INFO] SUCCESS: org.apiguardian:apiguardian-api:jar:1.1.2:test (sources = true)
2026.02.16 16:04:34 INFO  [INFO] Resolving artifact: org.junit.platform:junit-platform-engine:jar:1.12.2:test (sources = false)
2026.02.16 16:04:34 INFO  [INFO] SUCCESS: org.junit.platform:junit-platform-engine:jar:1.12.2:test (sources = false)
2026.02.16 16:04:34 INFO  [INFO] Resolving artifact: org.junit.platform:junit-platform-engine:jar:1.12.2:test (sources = true)
2026.02.16 16:04:34 INFO  [INFO] SUCCESS: org.junit.platform:junit-platform-engine:jar:1.12.2:test (sources = true)
2026.02.16 16:04:34 INFO  [INFO] Resolving artifact: com.fasterxml.jackson.core:jackson-annotations:jar:2.19.4:compile (sources = false)
2026.02.16 16:04:34 INFO  [INFO] SUCCESS: com.fasterxml.jackson.core:jackson-annotations:jar:2.19.4:compile (sources = false)
2026.02.16 16:04:34 INFO  [INFO] Resolving artifact: com.fasterxml.jackson.core:jackson-annotations:jar:2.19.4:compile (sources = true)
2026.02.16 16:04:34 INFO  [INFO] SUCCESS: com.fasterxml.jackson.core:jackson-annotations:jar:2.19.4:compile (sources = true)
2026.02.16 16:04:34 INFO  [INFO] Resolving artifact: org.springframework.boot:spring-boot-starter-thymeleaf:jar:3.5.10:compile (sources = false)
2026.02.16 16:04:34 INFO  [INFO] SUCCESS: org.springframework.boot:spring-boot-starter-thymeleaf:jar:3.5.10:compile (sources = false)
2026.02.16 16:04:34 INFO  [INFO] Resolving artifact: org.springframework.boot:spring-boot-starter-thymeleaf:jar:3.5.10:compile (sources = true)
2026.02.16 16:04:34 INFO  [INFO] SUCCESS: org.springframework.boot:spring-boot-starter-thymeleaf:jar:3.5.10:compile (sources = true)
2026.02.16 16:04:34 INFO  [INFO] Resolving artifact: com.vaadin.external.google:android-json:jar:0.0.20131108.vaadin1:test (sources = false)
2026.02.16 16:04:34 INFO  [INFO] SUCCESS: com.vaadin.external.google:android-json:jar:0.0.20131108.vaadin1:test (sources = false)
2026.02.16 16:04:34 INFO  [INFO] Resolving artifact: com.vaadin.external.google:android-json:jar:0.0.20131108.vaadin1:test (sources = true)
2026.02.16 16:04:34 INFO  [INFO] SUCCESS: com.vaadin.external.google:android-json:jar:0.0.20131108.vaadin1:test (sources = true)
2026.02.16 16:04:34 INFO  [INFO] Resolving artifact: org.apache.logging.log4j:log4j-api:jar:2.24.3:compile (sources = false)
2026.02.16 16:04:34 INFO  [INFO] SUCCESS: org.apache.logging.log4j:log4j-api:jar:2.24.3:compile (sources = false)
2026.02.16 16:04:34 INFO  [INFO] Resolving artifact: org.apache.logging.log4j:log4j-api:jar:2.24.3:compile (sources = true)
2026.02.16 16:04:34 INFO  [INFO] SUCCESS: org.apache.logging.log4j:log4j-api:jar:2.24.3:compile (sources = true)
2026.02.16 16:04:34 INFO  [INFO] Resolving artifact: net.bytebuddy:byte-buddy-agent:jar:1.17.8:test (sources = false)
2026.02.16 16:04:34 INFO  [INFO] SUCCESS: net.bytebuddy:byte-buddy-agent:jar:1.17.8:test (sources = false)
2026.02.16 16:04:34 INFO  [INFO] Resolving artifact: net.bytebuddy:byte-buddy-agent:jar:1.17.8:test (sources = true)
2026.02.16 16:04:34 INFO  [INFO] SUCCESS: net.bytebuddy:byte-buddy-agent:jar:1.17.8:test (sources = true)
2026.02.16 16:04:34 INFO  [INFO] Resolving artifact: org.springframework:spring-webmvc:jar:6.2.15:compile (sources = false)
2026.02.16 16:04:34 INFO  [INFO] SUCCESS: org.springframework:spring-webmvc:jar:6.2.15:compile (sources = false)
2026.02.16 16:04:34 INFO  [INFO] Resolving artifact: org.springframework:spring-webmvc:jar:6.2.15:compile (sources = true)
2026.02.16 16:04:34 INFO  [INFO] SUCCESS: org.springframework:spring-webmvc:jar:6.2.15:compile (sources = true)
2026.02.16 16:04:34 INFO  [INFO] Resolving artifact: org.apache.tomcat.embed:tomcat-embed-el:jar:10.1.50:compile (sources = false)
2026.02.16 16:04:34 INFO  [INFO] SUCCESS: org.apache.tomcat.embed:tomcat-embed-el:jar:10.1.50:compile (sources = false)
2026.02.16 16:04:34 INFO  [INFO] Resolving artifact: org.apache.tomcat.embed:tomcat-embed-el:jar:10.1.50:compile (sources = true)
2026.02.16 16:04:34 INFO  [INFO] SUCCESS: org.apache.tomcat.embed:tomcat-embed-el:jar:10.1.50:compile (sources = true)
2026.02.16 16:04:34 INFO  [INFO] Generated .bloop/tiket.json
2026.02.16 16:04:34 INFO  [INFO] Resolving artifact: org.springframework.boot:spring-boot-autoconfigure:jar:3.5.10:compile (sources = false)
2026.02.16 16:04:34 INFO  [INFO] SUCCESS: org.springframework.boot:spring-boot-autoconfigure:jar:3.5.10:compile (sources = false)
2026.02.16 16:04:34 INFO  [INFO] Resolving artifact: org.springframework.boot:spring-boot-autoconfigure:jar:3.5.10:compile (sources = true)
2026.02.16 16:04:34 INFO  [INFO] SUCCESS: org.springframework.boot:spring-boot-autoconfigure:jar:3.5.10:compile (sources = true)
2026.02.16 16:04:34 INFO  [INFO] Resolving artifact: io.micrometer:micrometer-observation:jar:1.15.8:compile (sources = false)
2026.02.16 16:04:34 INFO  [INFO] SUCCESS: io.micrometer:micrometer-observation:jar:1.15.8:compile (sources = false)
2026.02.16 16:04:34 INFO  [INFO] Resolving artifact: io.micrometer:micrometer-observation:jar:1.15.8:compile (sources = true)
2026.02.16 16:04:34 INFO  [INFO] SUCCESS: io.micrometer:micrometer-observation:jar:1.15.8:compile (sources = true)
2026.02.16 16:04:34 INFO  [INFO] Resolving artifact: org.assertj:assertj-core:jar:3.27.6:test (sources = false)
2026.02.16 16:04:34 INFO  [INFO] SUCCESS: org.assertj:assertj-core:jar:3.27.6:test (sources = false)
2026.02.16 16:04:34 INFO  [INFO] Resolving artifact: org.assertj:assertj-core:jar:3.27.6:test (sources = true)
2026.02.16 16:04:34 INFO  [INFO] SUCCESS: org.assertj:assertj-core:jar:3.27.6:test (sources = true)
2026.02.16 16:04:34 INFO  [INFO] Resolving artifact: jakarta.xml.bind:jakarta.xml.bind-api:jar:4.0.4:test (sources = false)
2026.02.16 16:04:34 INFO  [INFO] SUCCESS: jakarta.xml.bind:jakarta.xml.bind-api:jar:4.0.4:test (sources = false)
2026.02.16 16:04:34 INFO  [INFO] Resolving artifact: jakarta.xml.bind:jakarta.xml.bind-api:jar:4.0.4:test (sources = true)
2026.02.16 16:04:34 INFO  [INFO] SUCCESS: jakarta.xml.bind:jakarta.xml.bind-api:jar:4.0.4:test (sources = true)
2026.02.16 16:04:34 INFO  [INFO] Resolving artifact: org.hamcrest:hamcrest:jar:3.0:test (sources = false)
2026.02.16 16:04:34 INFO  [INFO] SUCCESS: org.hamcrest:hamcrest:jar:3.0:test (sources = false)
2026.02.16 16:04:34 INFO  [INFO] Resolving artifact: org.hamcrest:hamcrest:jar:3.0:test (sources = true)
2026.02.16 16:04:34 INFO  [INFO] SUCCESS: org.hamcrest:hamcrest:jar:3.0:test (sources = true)
2026.02.16 16:04:34 INFO  [INFO] Resolving artifact: org.yaml:snakeyaml:jar:2.4:compile (sources = false)
2026.02.16 16:04:34 INFO  [INFO] SUCCESS: org.yaml:snakeyaml:jar:2.4:compile (sources = false)
2026.02.16 16:04:34 INFO  [INFO] Resolving artifact: org.yaml:snakeyaml:jar:2.4:compile (sources = true)
2026.02.16 16:04:34 INFO  [INFO] SUCCESS: org.yaml:snakeyaml:jar:2.4:compile (sources = true)
2026.02.16 16:04:34 INFO  [INFO] Resolving artifact: net.minidev:json-smart:jar:2.5.2:test (sources = false)
2026.02.16 16:04:34 INFO  [INFO] SUCCESS: net.minidev:json-smart:jar:2.5.2:test (sources = false)
2026.02.16 16:04:34 INFO  [INFO] Resolving artifact: net.minidev:json-smart:jar:2.5.2:test (sources = true)
2026.02.16 16:04:34 INFO  [INFO] SUCCESS: net.minidev:json-smart:jar:2.5.2:test (sources = true)
2026.02.16 16:04:34 INFO  [INFO] Resolving artifact: org.objenesis:objenesis:jar:3.3:test (sources = false)
2026.02.16 16:04:34 INFO  [INFO] SUCCESS: org.objenesis:objenesis:jar:3.3:test (sources = false)
2026.02.16 16:04:34 INFO  [INFO] Resolving artifact: org.objenesis:objenesis:jar:3.3:test (sources = true)
2026.02.16 16:04:34 INFO  [INFO] SUCCESS: org.objenesis:objenesis:jar:3.3:test (sources = true)
2026.02.16 16:04:34 INFO  [INFO] Resolving artifact: org.apache.logging.log4j:log4j-to-slf4j:jar:2.24.3:compile (sources = false)
2026.02.16 16:04:34 INFO  [INFO] SUCCESS: org.apache.logging.log4j:log4j-to-slf4j:jar:2.24.3:compile (sources = false)
2026.02.16 16:04:34 INFO  [INFO] Resolving artifact: org.apache.logging.log4j:log4j-to-slf4j:jar:2.24.3:compile (sources = true)
2026.02.16 16:04:34 INFO  [INFO] SUCCESS: org.apache.logging.log4j:log4j-to-slf4j:jar:2.24.3:compile (sources = true)
2026.02.16 16:04:34 INFO  [INFO] Resolving artifact: org.junit.jupiter:junit-jupiter-params:jar:5.12.2:test (sources = false)
2026.02.16 16:04:34 INFO  [INFO] SUCCESS: org.junit.jupiter:junit-jupiter-params:jar:5.12.2:test (sources = false)
2026.02.16 16:04:34 INFO  [INFO] Resolving artifact: org.junit.jupiter:junit-jupiter-params:jar:5.12.2:test (sources = true)
2026.02.16 16:04:34 INFO  [INFO] SUCCESS: org.junit.jupiter:junit-jupiter-params:jar:5.12.2:test (sources = true)
2026.02.16 16:04:34 INFO  [INFO] Resolving artifact: org.slf4j:slf4j-api:jar:2.0.17:compile (sources = false)
2026.02.16 16:04:34 INFO  [INFO] SUCCESS: org.slf4j:slf4j-api:jar:2.0.17:compile (sources = false)
2026.02.16 16:04:34 INFO  [INFO] Resolving artifact: org.slf4j:slf4j-api:jar:2.0.17:compile (sources = true)
2026.02.16 16:04:34 INFO  [INFO] SUCCESS: org.slf4j:slf4j-api:jar:2.0.17:compile (sources = true)
2026.02.16 16:04:34 INFO  [INFO] Resolving artifact: org.springframework:spring-core:jar:6.2.15:compile (sources = false)
2026.02.16 16:04:34 INFO  [INFO] SUCCESS: org.springframework:spring-core:jar:6.2.15:compile (sources = false)
2026.02.16 16:04:34 INFO  [INFO] Resolving artifact: org.springframework:spring-core:jar:6.2.15:compile (sources = true)
2026.02.16 16:04:34 INFO  [INFO] SUCCESS: org.springframework:spring-core:jar:6.2.15:compile (sources = true)
2026.02.16 16:04:34 INFO  [INFO] Resolving artifact: net.minidev:accessors-smart:jar:2.5.2:test (sources = false)
2026.02.16 16:04:34 INFO  [INFO] SUCCESS: net.minidev:accessors-smart:jar:2.5.2:test (sources = false)
2026.02.16 16:04:34 INFO  [INFO] Resolving artifact: net.minidev:accessors-smart:jar:2.5.2:test (sources = true)
2026.02.16 16:04:34 INFO  [INFO] SUCCESS: net.minidev:accessors-smart:jar:2.5.2:test (sources = true)
2026.02.16 16:04:34 INFO  [INFO] Resolving artifact: io.micrometer:micrometer-commons:jar:1.15.8:compile (sources = false)
2026.02.16 16:04:34 INFO  [INFO] SUCCESS: io.micrometer:micrometer-commons:jar:1.15.8:compile (sources = false)
2026.02.16 16:04:34 INFO  [INFO] Resolving artifact: io.micrometer:micrometer-commons:jar:1.15.8:compile (sources = true)
2026.02.16 16:04:34 INFO  [INFO] SUCCESS: io.micrometer:micrometer-commons:jar:1.15.8:compile (sources = true)
2026.02.16 16:04:34 INFO  [INFO] Resolving artifact: org.mockito:mockito-junit-jupiter:jar:5.17.0:test (sources = false)
2026.02.16 16:04:34 INFO  [INFO] SUCCESS: org.mockito:mockito-junit-jupiter:jar:5.17.0:test (sources = false)
2026.02.16 16:04:34 INFO  [INFO] Resolving artifact: org.mockito:mockito-junit-jupiter:jar:5.17.0:test (sources = true)
2026.02.16 16:04:34 INFO  [INFO] SUCCESS: org.mockito:mockito-junit-jupiter:jar:5.17.0:test (sources = true)
2026.02.16 16:04:34 INFO  [INFO] Resolving artifact: org.mockito:mockito-core:jar:5.17.0:test (sources = false)
2026.02.16 16:04:34 INFO  [INFO] SUCCESS: org.mockito:mockito-core:jar:5.17.0:test (sources = false)
2026.02.16 16:04:34 INFO  [INFO] Resolving artifact: org.mockito:mockito-core:jar:5.17.0:test (sources = true)
2026.02.16 16:04:34 INFO  [INFO] SUCCESS: org.mockito:mockito-core:jar:5.17.0:test (sources = true)
2026.02.16 16:04:34 INFO  [INFO] Resolving artifact: org.ow2.asm:asm:jar:9.7.1:test (sources = false)
2026.02.16 16:04:34 INFO  [INFO] SUCCESS: org.ow2.asm:asm:jar:9.7.1:test (sources = false)
2026.02.16 16:04:34 INFO  [INFO] Resolving artifact: org.ow2.asm:asm:jar:9.7.1:test (sources = true)
2026.02.16 16:04:34 INFO  [INFO] SUCCESS: org.ow2.asm:asm:jar:9.7.1:test (sources = true)
2026.02.16 16:04:34 INFO  [INFO] Resolving artifact: org.junit.jupiter:junit-jupiter-api:jar:5.12.2:test (sources = false)
2026.02.16 16:04:34 INFO  [INFO] SUCCESS: org.junit.jupiter:junit-jupiter-api:jar:5.12.2:test (sources = false)
2026.02.16 16:04:34 INFO  [INFO] Resolving artifact: org.junit.jupiter:junit-jupiter-api:jar:5.12.2:test (sources = true)
2026.02.16 16:04:34 INFO  [INFO] SUCCESS: org.junit.jupiter:junit-jupiter-api:jar:5.12.2:test (sources = true)
2026.02.16 16:04:34 INFO  [INFO] Resolving artifact: org.thymeleaf:thymeleaf:jar:3.1.3.RELEASE:compile (sources = false)
2026.02.16 16:04:34 INFO  [INFO] SUCCESS: org.thymeleaf:thymeleaf:jar:3.1.3.RELEASE:compile (sources = false)
2026.02.16 16:04:34 INFO  [INFO] Resolving artifact: org.thymeleaf:thymeleaf:jar:3.1.3.RELEASE:compile (sources = true)
2026.02.16 16:04:34 INFO  [INFO] SUCCESS: org.thymeleaf:thymeleaf:jar:3.1.3.RELEASE:compile (sources = true)
2026.02.16 16:04:34 INFO  [INFO] Resolving artifact: org.springframework.boot:spring-boot-test:jar:3.5.10:test (sources = false)
2026.02.16 16:04:34 INFO  [INFO] SUCCESS: org.springframework.boot:spring-boot-test:jar:3.5.10:test (sources = false)
2026.02.16 16:04:34 INFO  [INFO] Resolving artifact: org.springframework.boot:spring-boot-test:jar:3.5.10:test (sources = true)
2026.02.16 16:04:34 INFO  [INFO] SUCCESS: org.springframework.boot:spring-boot-test:jar:3.5.10:test (sources = true)
2026.02.16 16:04:34 INFO  [INFO] Resolving artifact: org.slf4j:jul-to-slf4j:jar:2.0.17:compile (sources = false)
2026.02.16 16:04:34 INFO  [INFO] SUCCESS: org.slf4j:jul-to-slf4j:jar:2.0.17:compile (sources = false)
2026.02.16 16:04:34 INFO  [INFO] Resolving artifact: org.slf4j:jul-to-slf4j:jar:2.0.17:compile (sources = true)
2026.02.16 16:04:34 INFO  [INFO] SUCCESS: org.slf4j:jul-to-slf4j:jar:2.0.17:compile (sources = true)
2026.02.16 16:04:34 INFO  [INFO] Resolving artifact: ch.qos.logback:logback-classic:jar:1.5.25:compile (sources = false)
2026.02.16 16:04:34 INFO  [INFO] SUCCESS: ch.qos.logback:logback-classic:jar:1.5.25:compile (sources = false)
2026.02.16 16:04:34 INFO  [INFO] Resolving artifact: ch.qos.logback:logback-classic:jar:1.5.25:compile (sources = true)
2026.02.16 16:04:34 INFO  [INFO] SUCCESS: ch.qos.logback:logback-classic:jar:1.5.25:compile (sources = true)
2026.02.16 16:04:34 INFO  [INFO] Resolving artifact: org.springframework.boot:spring-boot-starter:jar:3.5.10:compile (sources = false)
2026.02.16 16:04:34 INFO  [INFO] SUCCESS: org.springframework.boot:spring-boot-starter:jar:3.5.10:compile (sources = false)
2026.02.16 16:04:34 INFO  [INFO] Resolving artifact: org.springframework.boot:spring-boot-starter:jar:3.5.10:compile (sources = true)
2026.02.16 16:04:34 INFO  [INFO] SUCCESS: org.springframework.boot:spring-boot-starter:jar:3.5.10:compile (sources = true)
2026.02.16 16:04:34 INFO  [INFO] Resolving artifact: com.fasterxml.jackson.datatype:jackson-datatype-jdk8:jar:2.19.4:compile (sources = false)
2026.02.16 16:04:34 INFO  [INFO] SUCCESS: com.fasterxml.jackson.datatype:jackson-datatype-jdk8:jar:2.19.4:compile (sources = false)
2026.02.16 16:04:34 INFO  [INFO] Resolving artifact: com.fasterxml.jackson.datatype:jackson-datatype-jdk8:jar:2.19.4:compile (sources = true)
2026.02.16 16:04:34 INFO  [INFO] SUCCESS: com.fasterxml.jackson.datatype:jackson-datatype-jdk8:jar:2.19.4:compile (sources = true)
2026.02.16 16:04:34 INFO  [INFO] Resolving artifact: com.fasterxml.jackson.module:jackson-module-parameter-names:jar:2.19.4:compile (sources = false)
2026.02.16 16:04:34 INFO  [INFO] SUCCESS: com.fasterxml.jackson.module:jackson-module-parameter-names:jar:2.19.4:compile (sources = false)
2026.02.16 16:04:34 INFO  [INFO] Resolving artifact: com.fasterxml.jackson.module:jackson-module-parameter-names:jar:2.19.4:compile (sources = true)
2026.02.16 16:04:34 INFO  [INFO] SUCCESS: com.fasterxml.jackson.module:jackson-module-parameter-names:jar:2.19.4:compile (sources = true)
2026.02.16 16:04:34 INFO  [INFO] Resolving artifact: ch.qos.logback:logback-core:jar:1.5.25:compile (sources = false)
2026.02.16 16:04:34 INFO  [INFO] SUCCESS: ch.qos.logback:logback-core:jar:1.5.25:compile (sources = false)
2026.02.16 16:04:34 INFO  [INFO] Resolving artifact: ch.qos.logback:logback-core:jar:1.5.25:compile (sources = true)
2026.02.16 16:04:34 INFO  [INFO] SUCCESS: ch.qos.logback:logback-core:jar:1.5.25:compile (sources = true)
2026.02.16 16:04:34 INFO  [INFO] Resolving artifact: org.springframework:spring-jcl:jar:6.2.15:compile (sources = false)
2026.02.16 16:04:34 INFO  [INFO] SUCCESS: org.springframework:spring-jcl:jar:6.2.15:compile (sources = false)
2026.02.16 16:04:34 INFO  [INFO] Resolving artifact: org.springframework:spring-jcl:jar:6.2.15:compile (sources = true)
2026.02.16 16:04:34 INFO  [INFO] SUCCESS: org.springframework:spring-jcl:jar:6.2.15:compile (sources = true)
2026.02.16 16:04:34 INFO  [INFO] Resolving artifact: org.springframework.boot:spring-boot-starter-json:jar:3.5.10:compile (sources = false)
2026.02.16 16:04:34 INFO  [INFO] SUCCESS: org.springframework.boot:spring-boot-starter-json:jar:3.5.10:compile (sources = false)
2026.02.16 16:04:34 INFO  [INFO] Resolving artifact: org.springframework.boot:spring-boot-starter-json:jar:3.5.10:compile (sources = true)
2026.02.16 16:04:34 INFO  [INFO] SUCCESS: org.springframework.boot:spring-boot-starter-json:jar:3.5.10:compile (sources = true)
2026.02.16 16:04:34 INFO  [INFO] Resolving artifact: org.opentest4j:opentest4j:jar:1.3.0:test (sources = false)
2026.02.16 16:04:34 INFO  [INFO] SUCCESS: org.opentest4j:opentest4j:jar:1.3.0:test (sources = false)
2026.02.16 16:04:34 INFO  [INFO] Resolving artifact: org.opentest4j:opentest4j:jar:1.3.0:test (sources = true)
2026.02.16 16:04:34 INFO  [INFO] SUCCESS: org.opentest4j:opentest4j:jar:1.3.0:test (sources = true)
2026.02.16 16:04:34 INFO  [INFO] Resolving artifact: org.attoparser:attoparser:jar:2.0.7.RELEASE:compile (sources = false)
2026.02.16 16:04:34 INFO  [INFO] SUCCESS: org.attoparser:attoparser:jar:2.0.7.RELEASE:compile (sources = false)
2026.02.16 16:04:34 INFO  [INFO] Resolving artifact: org.attoparser:attoparser:jar:2.0.7.RELEASE:compile (sources = true)
2026.02.16 16:04:34 INFO  [INFO] SUCCESS: org.attoparser:attoparser:jar:2.0.7.RELEASE:compile (sources = true)
2026.02.16 16:04:34 INFO  [INFO] Resolving artifact: org.junit.jupiter:junit-jupiter-engine:jar:5.12.2:test (sources = false)
2026.02.16 16:04:34 INFO  [INFO] SUCCESS: org.junit.jupiter:junit-jupiter-engine:jar:5.12.2:test (sources = false)
2026.02.16 16:04:34 INFO  [INFO] Resolving artifact: org.junit.jupiter:junit-jupiter-engine:jar:5.12.2:test (sources = true)
2026.02.16 16:04:34 INFO  [INFO] SUCCESS: org.junit.jupiter:junit-jupiter-engine:jar:5.12.2:test (sources = true)
2026.02.16 16:04:34 INFO  [INFO] Resolving artifact: org.skyscreamer:jsonassert:jar:1.5.3:test (sources = false)
2026.02.16 16:04:34 INFO  [INFO] SUCCESS: org.skyscreamer:jsonassert:jar:1.5.3:test (sources = false)
2026.02.16 16:04:34 INFO  [INFO] Resolving artifact: org.skyscreamer:jsonassert:jar:1.5.3:test (sources = true)
2026.02.16 16:04:34 INFO  [INFO] SUCCESS: org.skyscreamer:jsonassert:jar:1.5.3:test (sources = true)
2026.02.16 16:04:34 INFO  [INFO] Resolving artifact: com.fasterxml.jackson.core:jackson-core:jar:2.19.4:compile (sources = false)
2026.02.16 16:04:34 INFO  [INFO] SUCCESS: com.fasterxml.jackson.core:jackson-core:jar:2.19.4:compile (sources = false)
2026.02.16 16:04:34 INFO  [INFO] Resolving artifact: com.fasterxml.jackson.core:jackson-core:jar:2.19.4:compile (sources = true)
2026.02.16 16:04:34 INFO  [INFO] SUCCESS: com.fasterxml.jackson.core:jackson-core:jar:2.19.4:compile (sources = true)
2026.02.16 16:04:34 INFO  [INFO] Resolving artifact: org.springframework.boot:spring-boot-starter-tomcat:jar:3.5.10:compile (sources = false)
2026.02.16 16:04:34 INFO  [INFO] SUCCESS: org.springframework.boot:spring-boot-starter-tomcat:jar:3.5.10:compile (sources = false)
2026.02.16 16:04:34 INFO  [INFO] Resolving artifact: org.springframework.boot:spring-boot-starter-tomcat:jar:3.5.10:compile (sources = true)
2026.02.16 16:04:34 INFO  [INFO] SUCCESS: org.springframework.boot:spring-boot-starter-tomcat:jar:3.5.10:compile (sources = true)
2026.02.16 16:04:34 INFO  [INFO] Resolving artifact: org.springframework:spring-context:jar:6.2.15:compile (sources = false)
2026.02.16 16:04:34 INFO  [INFO] SUCCESS: org.springframework:spring-context:jar:6.2.15:compile (sources = false)
2026.02.16 16:04:34 INFO  [INFO] Resolving artifact: org.springframework:spring-context:jar:6.2.15:compile (sources = true)
2026.02.16 16:04:34 INFO  [INFO] SUCCESS: org.springframework:spring-context:jar:6.2.15:compile (sources = true)
2026.02.16 16:04:34 INFO  [INFO] Resolving artifact: org.springframework:spring-expression:jar:6.2.15:compile (sources = false)
2026.02.16 16:04:34 INFO  [INFO] SUCCESS: org.springframework:spring-expression:jar:6.2.15:compile (sources = false)
2026.02.16 16:04:34 INFO  [INFO] Resolving artifact: org.springframework:spring-expression:jar:6.2.15:compile (sources = true)
2026.02.16 16:04:34 INFO  [INFO] SUCCESS: org.springframework:spring-expression:jar:6.2.15:compile (sources = true)
2026.02.16 16:04:34 INFO  [INFO] Resolving artifact: com.fasterxml.jackson.datatype:jackson-datatype-jsr310:jar:2.19.4:compile (sources = false)
2026.02.16 16:04:34 INFO  [INFO] SUCCESS: com.fasterxml.jackson.datatype:jackson-datatype-jsr310:jar:2.19.4:compile (sources = false)
2026.02.16 16:04:34 INFO  [INFO] Resolving artifact: com.fasterxml.jackson.datatype:jackson-datatype-jsr310:jar:2.19.4:compile (sources = true)
2026.02.16 16:04:34 INFO  [INFO] SUCCESS: com.fasterxml.jackson.datatype:jackson-datatype-jsr310:jar:2.19.4:compile (sources = true)
2026.02.16 16:04:34 INFO  [INFO] Resolving artifact: org.springframework:spring-beans:jar:6.2.15:compile (sources = false)
2026.02.16 16:04:34 INFO  [INFO] SUCCESS: org.springframework:spring-beans:jar:6.2.15:compile (sources = false)
2026.02.16 16:04:34 INFO  [INFO] Resolving artifact: org.springframework:spring-beans:jar:6.2.15:compile (sources = true)
2026.02.16 16:04:34 INFO  [INFO] SUCCESS: org.springframework:spring-beans:jar:6.2.15:compile (sources = true)
2026.02.16 16:04:34 INFO  [INFO] Resolving artifact: org.springframework:spring-aop:jar:6.2.15:compile (sources = false)
2026.02.16 16:04:34 INFO  [INFO] SUCCESS: org.springframework:spring-aop:jar:6.2.15:compile (sources = false)
2026.02.16 16:04:34 INFO  [INFO] Resolving artifact: org.springframework:spring-aop:jar:6.2.15:compile (sources = true)
2026.02.16 16:04:34 INFO  [INFO] SUCCESS: org.springframework:spring-aop:jar:6.2.15:compile (sources = true)
2026.02.16 16:04:34 INFO  [INFO] Resolving artifact: org.springframework.boot:spring-boot-starter-web:jar:3.5.10:compile (sources = false)
2026.02.16 16:04:34 INFO  [INFO] SUCCESS: org.springframework.boot:spring-boot-starter-web:jar:3.5.10:compile (sources = false)
2026.02.16 16:04:34 INFO  [INFO] Resolving artifact: org.springframework.boot:spring-boot-starter-web:jar:3.5.10:compile (sources = true)
2026.02.16 16:04:34 INFO  [INFO] SUCCESS: org.springframework.boot:spring-boot-starter-web:jar:3.5.10:compile (sources = true)
2026.02.16 16:04:34 INFO  [INFO] Resolving artifact: org.xmlunit:xmlunit-core:jar:2.10.4:test (sources = false)
2026.02.16 16:04:34 INFO  [INFO] SUCCESS: org.xmlunit:xmlunit-core:jar:2.10.4:test (sources = false)
2026.02.16 16:04:34 INFO  [INFO] Resolving artifact: org.xmlunit:xmlunit-core:jar:2.10.4:test (sources = true)
2026.02.16 16:04:34 INFO  [INFO] SUCCESS: org.xmlunit:xmlunit-core:jar:2.10.4:test (sources = true)
2026.02.16 16:04:34 INFO  [INFO] Resolving artifact: jakarta.annotation:jakarta.annotation-api:jar:2.1.1:compile (sources = false)
2026.02.16 16:04:34 INFO  [INFO] SUCCESS: jakarta.annotation:jakarta.annotation-api:jar:2.1.1:compile (sources = false)
2026.02.16 16:04:34 INFO  [INFO] Resolving artifact: jakarta.annotation:jakarta.annotation-api:jar:2.1.1:compile (sources = true)
2026.02.16 16:04:34 INFO  [INFO] SUCCESS: jakarta.annotation:jakarta.annotation-api:jar:2.1.1:compile (sources = true)
2026.02.16 16:04:34 INFO  [INFO] Resolving artifact: org.springframework.boot:spring-boot-test-autoconfigure:jar:3.5.10:test (sources = false)
2026.02.16 16:04:34 INFO  [INFO] SUCCESS: org.springframework.boot:spring-boot-test-autoconfigure:jar:3.5.10:test (sources = false)
2026.02.16 16:04:34 INFO  [INFO] Resolving artifact: org.springframework.boot:spring-boot-test-autoconfigure:jar:3.5.10:test (sources = true)
2026.02.16 16:04:34 INFO  [INFO] SUCCESS: org.springframework.boot:spring-boot-test-autoconfigure:jar:3.5.10:test (sources = true)
2026.02.16 16:04:34 INFO  [INFO] Resolving artifact: org.awaitility:awaitility:jar:4.2.2:test (sources = false)
2026.02.16 16:04:34 INFO  [INFO] SUCCESS: org.awaitility:awaitility:jar:4.2.2:test (sources = false)
2026.02.16 16:04:34 INFO  [INFO] Resolving artifact: org.awaitility:awaitility:jar:4.2.2:test (sources = true)
2026.02.16 16:04:34 INFO  [INFO] SUCCESS: org.awaitility:awaitility:jar:4.2.2:test (sources = true)
2026.02.16 16:04:34 INFO  [INFO] Resolving artifact: com.fasterxml.jackson.core:jackson-databind:jar:2.19.4:compile (sources = false)
2026.02.16 16:04:34 INFO  [INFO] SUCCESS: com.fasterxml.jackson.core:jackson-databind:jar:2.19.4:compile (sources = false)
2026.02.16 16:04:34 INFO  [INFO] Resolving artifact: com.fasterxml.jackson.core:jackson-databind:jar:2.19.4:compile (sources = true)
2026.02.16 16:04:34 INFO  [INFO] SUCCESS: com.fasterxml.jackson.core:jackson-databind:jar:2.19.4:compile (sources = true)
2026.02.16 16:04:34 INFO  [INFO] Resolving artifact: org.springframework:spring-test:jar:6.2.15:test (sources = false)
2026.02.16 16:04:34 INFO  [INFO] SUCCESS: org.springframework:spring-test:jar:6.2.15:test (sources = false)
2026.02.16 16:04:34 INFO  [INFO] Resolving artifact: org.springframework:spring-test:jar:6.2.15:test (sources = true)
2026.02.16 16:04:34 INFO  [INFO] SUCCESS: org.springframework:spring-test:jar:6.2.15:test (sources = true)
2026.02.16 16:04:34 INFO  [INFO] Resolving artifact: org.springframework.boot:spring-boot-starter-logging:jar:3.5.10:compile (sources = false)
2026.02.16 16:04:34 INFO  [INFO] SUCCESS: org.springframework.boot:spring-boot-starter-logging:jar:3.5.10:compile (sources = false)
2026.02.16 16:04:34 INFO  [INFO] Resolving artifact: org.springframework.boot:spring-boot-starter-logging:jar:3.5.10:compile (sources = true)
2026.02.16 16:04:34 INFO  [INFO] SUCCESS: org.springframework.boot:spring-boot-starter-logging:jar:3.5.10:compile (sources = true)
2026.02.16 16:04:34 INFO  [INFO] Resolving artifact: org.junit.jupiter:junit-jupiter:jar:5.12.2:test (sources = false)
2026.02.16 16:04:34 INFO  [INFO] SUCCESS: org.junit.jupiter:junit-jupiter:jar:5.12.2:test (sources = false)
2026.02.16 16:04:34 INFO  [INFO] Resolving artifact: org.junit.jupiter:junit-jupiter:jar:5.12.2:test (sources = true)
2026.02.16 16:04:34 INFO  [INFO] SUCCESS: org.junit.jupiter:junit-jupiter:jar:5.12.2:test (sources = true)
2026.02.16 16:04:34 INFO  [INFO] Resolving artifact: org.springframework.boot:spring-boot-starter-test:jar:3.5.10:test (sources = false)
2026.02.16 16:04:34 INFO  [INFO] SUCCESS: org.springframework.boot:spring-boot-starter-test:jar:3.5.10:test (sources = false)
2026.02.16 16:04:34 INFO  [INFO] Resolving artifact: org.springframework.boot:spring-boot-starter-test:jar:3.5.10:test (sources = true)
2026.02.16 16:04:34 INFO  [INFO] SUCCESS: org.springframework.boot:spring-boot-starter-test:jar:3.5.10:test (sources = true)
2026.02.16 16:04:34 INFO  [INFO] Resolving artifact: org.thymeleaf:thymeleaf-spring6:jar:3.1.3.RELEASE:compile (sources = false)
2026.02.16 16:04:34 INFO  [INFO] SUCCESS: org.thymeleaf:thymeleaf-spring6:jar:3.1.3.RELEASE:compile (sources = false)
2026.02.16 16:04:34 INFO  [INFO] Resolving artifact: org.thymeleaf:thymeleaf-spring6:jar:3.1.3.RELEASE:compile (sources = true)
2026.02.16 16:04:34 INFO  [INFO] SUCCESS: org.thymeleaf:thymeleaf-spring6:jar:3.1.3.RELEASE:compile (sources = true)
2026.02.16 16:04:34 INFO  [INFO] Resolving artifact: org.unbescape:unbescape:jar:1.1.6.RELEASE:compile (sources = false)
2026.02.16 16:04:34 INFO  [INFO] SUCCESS: org.unbescape:unbescape:jar:1.1.6.RELEASE:compile (sources = false)
2026.02.16 16:04:34 INFO  [INFO] Resolving artifact: org.unbescape:unbescape:jar:1.1.6.RELEASE:compile (sources = true)
2026.02.16 16:04:34 INFO  [INFO] SUCCESS: org.unbescape:unbescape:jar:1.1.6.RELEASE:compile (sources = true)
2026.02.16 16:04:34 INFO  [INFO] Resolving artifact: org.springframework.boot:spring-boot-devtools:jar:3.5.10:runtime (sources = false)
2026.02.16 16:04:34 INFO  [INFO] SUCCESS: org.springframework.boot:spring-boot-devtools:jar:3.5.10:runtime (sources = false)
2026.02.16 16:04:34 INFO  [INFO] Resolving artifact: org.springframework.boot:spring-boot-devtools:jar:3.5.10:runtime (sources = true)
2026.02.16 16:04:34 INFO  [INFO] SUCCESS: org.springframework.boot:spring-boot-devtools:jar:3.5.10:runtime (sources = true)
2026.02.16 16:04:34 INFO  [INFO] Resolving artifact: org.junit.platform:junit-platform-commons:jar:1.12.2:test (sources = false)
2026.02.16 16:04:34 INFO  [INFO] SUCCESS: org.junit.platform:junit-platform-commons:jar:1.12.2:test (sources = false)
2026.02.16 16:04:34 INFO  [INFO] Resolving artifact: org.junit.platform:junit-platform-commons:jar:1.12.2:test (sources = true)
2026.02.16 16:04:34 INFO  [INFO] SUCCESS: org.junit.platform:junit-platform-commons:jar:1.12.2:test (sources = true)
2026.02.16 16:04:34 INFO  [INFO] Resolving artifact: net.bytebuddy:byte-buddy:jar:1.17.8:test (sources = false)
2026.02.16 16:04:34 INFO  [INFO] SUCCESS: net.bytebuddy:byte-buddy:jar:1.17.8:test (sources = false)
2026.02.16 16:04:34 INFO  [INFO] Resolving artifact: net.bytebuddy:byte-buddy:jar:1.17.8:test (sources = true)
2026.02.16 16:04:34 INFO  [INFO] SUCCESS: net.bytebuddy:byte-buddy:jar:1.17.8:test (sources = true)
2026.02.16 16:04:34 INFO  [INFO] Resolving artifact: org.apache.tomcat.embed:tomcat-embed-websocket:jar:10.1.50:compile (sources = false)
2026.02.16 16:04:34 INFO  [INFO] SUCCESS: org.apache.tomcat.embed:tomcat-embed-websocket:jar:10.1.50:compile (sources = false)
2026.02.16 16:04:34 INFO  [INFO] Resolving artifact: org.apache.tomcat.embed:tomcat-embed-websocket:jar:10.1.50:compile (sources = true)
2026.02.16 16:04:34 INFO  [INFO] SUCCESS: org.apache.tomcat.embed:tomcat-embed-websocket:jar:10.1.50:compile (sources = true)
2026.02.16 16:04:34 INFO  [INFO] Resolving artifact: org.springframework:spring-web:jar:6.2.15:compile (sources = false)
2026.02.16 16:04:34 INFO  [INFO] SUCCESS: org.springframework:spring-web:jar:6.2.15:compile (sources = false)
2026.02.16 16:04:34 INFO  [INFO] Resolving artifact: org.springframework:spring-web:jar:6.2.15:compile (sources = true)
2026.02.16 16:04:34 INFO  [INFO] SUCCESS: org.springframework:spring-web:jar:6.2.15:compile (sources = true)
2026.02.16 16:04:34 INFO  [INFO] Resolving artifact: org.apache.tomcat.embed:tomcat-embed-core:jar:10.1.50:compile (sources = false)
2026.02.16 16:04:34 INFO  [INFO] SUCCESS: org.apache.tomcat.embed:tomcat-embed-core:jar:10.1.50:compile (sources = false)
2026.02.16 16:04:34 INFO  [INFO] Resolving artifact: org.apache.tomcat.embed:tomcat-embed-core:jar:10.1.50:compile (sources = true)
2026.02.16 16:04:34 INFO  [INFO] SUCCESS: org.apache.tomcat.embed:tomcat-embed-core:jar:10.1.50:compile (sources = true)
2026.02.16 16:04:34 INFO  [INFO] Resolving artifact: com.jayway.jsonpath:json-path:jar:2.9.0:test (sources = false)
2026.02.16 16:04:34 INFO  [INFO] SUCCESS: com.jayway.jsonpath:json-path:jar:2.9.0:test (sources = false)
2026.02.16 16:04:34 INFO  [INFO] Resolving artifact: com.jayway.jsonpath:json-path:jar:2.9.0:test (sources = true)
2026.02.16 16:04:34 INFO  [INFO] SUCCESS: com.jayway.jsonpath:json-path:jar:2.9.0:test (sources = true)
2026.02.16 16:04:34 INFO  [INFO] Resolving artifact: org.springframework.boot:spring-boot:jar:3.5.10:compile (sources = false)
2026.02.16 16:04:34 INFO  [INFO] SUCCESS: org.springframework.boot:spring-boot:jar:3.5.10:compile (sources = false)
2026.02.16 16:04:34 INFO  [INFO] Resolving artifact: org.springframework.boot:spring-boot:jar:3.5.10:compile (sources = true)
2026.02.16 16:04:34 INFO  [INFO] SUCCESS: org.springframework.boot:spring-boot:jar:3.5.10:compile (sources = true)
2026.02.16 16:04:34 INFO  [INFO] Resolving artifact: jakarta.activation:jakarta.activation-api:jar:2.1.4:test (sources = false)
2026.02.16 16:04:34 INFO  [INFO] SUCCESS: jakarta.activation:jakarta.activation-api:jar:2.1.4:test (sources = false)
2026.02.16 16:04:34 INFO  [INFO] Resolving artifact: jakarta.activation:jakarta.activation-api:jar:2.1.4:test (sources = true)
2026.02.16 16:04:34 INFO  [INFO] SUCCESS: jakarta.activation:jakarta.activation-api:jar:2.1.4:test (sources = true)
2026.02.16 16:04:34 INFO  [INFO] Resolving artifact: org.apiguardian:apiguardian-api:jar:1.1.2:test (sources = false)
2026.02.16 16:04:34 INFO  [INFO] SUCCESS: org.apiguardian:apiguardian-api:jar:1.1.2:test (sources = false)
2026.02.16 16:04:34 INFO  [INFO] Resolving artifact: org.apiguardian:apiguardian-api:jar:1.1.2:test (sources = true)
2026.02.16 16:04:34 INFO  [INFO] SUCCESS: org.apiguardian:apiguardian-api:jar:1.1.2:test (sources = true)
2026.02.16 16:04:34 INFO  [INFO] Resolving artifact: org.junit.platform:junit-platform-engine:jar:1.12.2:test (sources = false)
2026.02.16 16:04:34 INFO  [INFO] SUCCESS: org.junit.platform:junit-platform-engine:jar:1.12.2:test (sources = false)
2026.02.16 16:04:34 INFO  [INFO] Resolving artifact: org.junit.platform:junit-platform-engine:jar:1.12.2:test (sources = true)
2026.02.16 16:04:34 INFO  [INFO] SUCCESS: org.junit.platform:junit-platform-engine:jar:1.12.2:test (sources = true)
2026.02.16 16:04:34 INFO  [INFO] Resolving artifact: com.fasterxml.jackson.core:jackson-annotations:jar:2.19.4:compile (sources = false)
2026.02.16 16:04:34 INFO  [INFO] SUCCESS: com.fasterxml.jackson.core:jackson-annotations:jar:2.19.4:compile (sources = false)
2026.02.16 16:04:34 INFO  [INFO] Resolving artifact: com.fasterxml.jackson.core:jackson-annotations:jar:2.19.4:compile (sources = true)
2026.02.16 16:04:34 INFO  [INFO] SUCCESS: com.fasterxml.jackson.core:jackson-annotations:jar:2.19.4:compile (sources = true)
2026.02.16 16:04:34 INFO  [INFO] Resolving artifact: org.springframework.boot:spring-boot-starter-thymeleaf:jar:3.5.10:compile (sources = false)
2026.02.16 16:04:34 INFO  [INFO] SUCCESS: org.springframework.boot:spring-boot-starter-thymeleaf:jar:3.5.10:compile (sources = false)
2026.02.16 16:04:34 INFO  [INFO] Resolving artifact: org.springframework.boot:spring-boot-starter-thymeleaf:jar:3.5.10:compile (sources = true)
2026.02.16 16:04:34 INFO  [INFO] SUCCESS: org.springframework.boot:spring-boot-starter-thymeleaf:jar:3.5.10:compile (sources = true)
2026.02.16 16:04:34 INFO  [INFO] Resolving artifact: com.vaadin.external.google:android-json:jar:0.0.20131108.vaadin1:test (sources = false)
2026.02.16 16:04:34 INFO  [INFO] SUCCESS: com.vaadin.external.google:android-json:jar:0.0.20131108.vaadin1:test (sources = false)
2026.02.16 16:04:34 INFO  [INFO] Resolving artifact: com.vaadin.external.google:android-json:jar:0.0.20131108.vaadin1:test (sources = true)
2026.02.16 16:04:34 INFO  [INFO] SUCCESS: com.vaadin.external.google:android-json:jar:0.0.20131108.vaadin1:test (sources = true)
2026.02.16 16:04:34 INFO  [INFO] Resolving artifact: org.apache.logging.log4j:log4j-api:jar:2.24.3:compile (sources = false)
2026.02.16 16:04:34 INFO  [INFO] SUCCESS: org.apache.logging.log4j:log4j-api:jar:2.24.3:compile (sources = false)
2026.02.16 16:04:34 INFO  [INFO] Resolving artifact: org.apache.logging.log4j:log4j-api:jar:2.24.3:compile (sources = true)
2026.02.16 16:04:34 INFO  [INFO] SUCCESS: org.apache.logging.log4j:log4j-api:jar:2.24.3:compile (sources = true)
2026.02.16 16:04:34 INFO  [INFO] Resolving artifact: net.bytebuddy:byte-buddy-agent:jar:1.17.8:test (sources = false)
2026.02.16 16:04:34 INFO  [INFO] SUCCESS: net.bytebuddy:byte-buddy-agent:jar:1.17.8:test (sources = false)
2026.02.16 16:04:34 INFO  [INFO] Resolving artifact: net.bytebuddy:byte-buddy-agent:jar:1.17.8:test (sources = true)
2026.02.16 16:04:34 INFO  [INFO] SUCCESS: net.bytebuddy:byte-buddy-agent:jar:1.17.8:test (sources = true)
2026.02.16 16:04:34 INFO  [INFO] Resolving artifact: org.springframework:spring-webmvc:jar:6.2.15:compile (sources = false)
2026.02.16 16:04:34 INFO  [INFO] SUCCESS: org.springframework:spring-webmvc:jar:6.2.15:compile (sources = false)
2026.02.16 16:04:34 INFO  [INFO] Resolving artifact: org.springframework:spring-webmvc:jar:6.2.15:compile (sources = true)
2026.02.16 16:04:34 INFO  [INFO] SUCCESS: org.springframework:spring-webmvc:jar:6.2.15:compile (sources = true)
2026.02.16 16:04:34 INFO  [INFO] Resolving artifact: org.apache.tomcat.embed:tomcat-embed-el:jar:10.1.50:compile (sources = false)
2026.02.16 16:04:34 INFO  [INFO] SUCCESS: org.apache.tomcat.embed:tomcat-embed-el:jar:10.1.50:compile (sources = false)
2026.02.16 16:04:34 INFO  [INFO] Resolving artifact: org.apache.tomcat.embed:tomcat-embed-el:jar:10.1.50:compile (sources = true)
2026.02.16 16:04:34 INFO  [INFO] SUCCESS: org.apache.tomcat.embed:tomcat-embed-el:jar:10.1.50:compile (sources = true)
2026.02.16 16:04:34 INFO  [INFO] Generated .bloop/tiket-test.json
2026.02.16 16:04:34 INFO  [INFO] ------------------------------------------------------------------------
2026.02.16 16:04:34 INFO  [INFO] BUILD SUCCESS
2026.02.16 16:04:34 INFO  [INFO] ------------------------------------------------------------------------
2026.02.16 16:04:34 INFO  [INFO] Total time:  1.151 s
2026.02.16 16:04:34 INFO  [INFO] Finished at: 2026-02-16T16:04:34-05:00
2026.02.16 16:04:34 INFO  [INFO] ------------------------------------------------------------------------
2026.02.16 16:04:34 INFO  time: ran 'mvn bloopInstall' in 1.82s
2026.02.16 16:04:34 INFO  Attempting to connect to the build server...
2026.02.16 16:04:34 INFO  Found a Bloop server running
2026.02.16 16:04:34 INFO  tracing is disabled for protocol BSP, to enable tracing of incoming and outgoing JSON messages create an empty file at /home/ceryar/Documentos/Prueba_Spring/tiket/.metals/bsp.trace.json or /home/ceryar/.cache/metals/bsp.trace.json
2026.02.16 16:04:34 INFO  time: Connected to build server in 0.15s
2026.02.16 16:04:34 INFO  Connected to Build server: Bloop v2.0.18
2026.02.16 16:04:35 WARN  Could not find java sources in /usr/lib/jvm/src.zip, /usr/lib/jvm/lib/src.zip, /usr/lib/jvm/java-25-openjdk/src.zip, /usr/lib/jvm/java-25-openjdk/lib/src.zip. Java symbols will not be available.
2026.02.16 16:04:39 INFO  time: indexed workspace in 5.22s
2026.02.16 16:04:39 INFO  compiling tiket (1 java source)
2026.02.16 16:04:39 WARN  Unexpected javac output: WARNING: A terminally deprecated method in sun.misc.Unsafe has been called
WARNING: sun.misc.Unsafe::arrayBaseOffset has been called by com.sourcegraph.shaded.com.google.protobuf.UnsafeUtil$MemoryAccessor (file:/home/ceryar/.cache/bloop/semanticdb/com.sourcegraph.semanticdb-javac.0.11.2/semanticdb-javac-0.11.2.jar)
WARNING: Please consider reporting this to the maintainers of class com.sourcegraph.shaded.com.google.protobuf.UnsafeUtil$MemoryAccessor
WARNING: sun.misc.Unsafe::arrayBaseOffset will be removed in a future release.
2026.02.16 16:04:39 INFO  time: compiled tiket in 0.61s
2026.02.16 16:04:39 INFO  compiling tiket-test (1 java source)
2026.02.16 16:04:41 WARN  Unexpected javac output: WARNING: A terminally deprecated method in sun.misc.Unsafe has been called
WARNING: sun.misc.Unsafe::arrayBaseOffset has been called by com.sourcegraph.shaded.com.google.protobuf.UnsafeUtil$MemoryAccessor (file:/home/ceryar/.cache/bloop/semanticdb/com.sourcegraph.semanticdb-javac.0.11.2/semanticdb-javac-0.11.2.jar)
WARNING: Please consider reporting this to the maintainers of class com.sourcegraph.shaded.com.google.protobuf.UnsafeUtil$MemoryAccessor
WARNING: sun.misc.Unsafe::arrayBaseOffset will be removed in a future release.
2026.02.16 16:04:41 INFO  time: compiled tiket-test in 0.59s
2026.02.16 16:06:35 INFO  compiling tiket (1 java source)
2026.02.16 16:06:35 INFO  Created report: Optional[file:///home/ceryar/Documentos/Prueba_Spring/tiket/src/main/java/com/pruebaTiket/tiket/controller/WelcomeController.java]
2026.02.16 16:06:35 INFO  QDox parse error in file:///home/ceryar/Documentos/Prueba_Spring/tiket/src/main/java/com/pruebaTiket/tiket/controller/WelcomeController.java (full report at: "/home/ceryar/Documentos/Prueba_Spring/tiket/.metals/.reports/metals-full/2026-02-16/r_qdox-error_(tiket)_16-06-35-944.md")
2026.02.16 16:06:35 INFO  time: compiled tiket in 0.54s
feb 16, 2026 4:07:53 P.M. org.eclipse.lsp4j.jsonrpc.RemoteEndpoint handleCancellation
ADVERTENCIA: Unmatched cancel notification for request id 168
2026.02.16 16:08:42 INFO  compiling tiket (1 java source)
2026.02.16 16:08:42 WARN  Unexpected javac output: WARNING: A terminally deprecated method in sun.misc.Unsafe has been called
WARNING: sun.misc.Unsafe::arrayBaseOffset has been called by com.sourcegraph.shaded.com.google.protobuf.UnsafeUtil$MemoryAccessor (file:/home/ceryar/.cache/bloop/semanticdb/com.sourcegraph.semanticdb-javac.0.11.2/semanticdb-javac-0.11.2.jar)
WARNING: Please consider reporting this to the maintainers of class com.sourcegraph.shaded.com.google.protobuf.UnsafeUtil$MemoryAccessor
WARNING: sun.misc.Unsafe::arrayBaseOffset will be removed in a future release.
2026.02.16 16:08:42 INFO  time: compiled tiket in 0.61s
2026.02.16 16:09:35 INFO  Created report: Optional[file:///home/ceryar/Documentos/Prueba_Spring/tiket/src/main/java/com/pruebaTiket/tiket/model/User.java]
2026.02.16 16:09:35 INFO  QDox parse error in file:///home/ceryar/Documentos/Prueba_Spring/tiket/src/main/java/com/pruebaTiket/tiket/model/User.java (full report at: "/home/ceryar/Documentos/Prueba_Spring/tiket/.metals/.reports/metals-full/2026-02-16/r_qdox-error_(tiket)_16-09-35-955.md")
2026.02.16 16:09:35 INFO  compiling tiket (1 java source)
2026.02.16 16:09:35 INFO  time: compiled tiket in 0.49s
2026.02.16 16:09:47 INFO  compiling tiket (1 java source)
2026.02.16 16:09:47 WARN  Unexpected javac output: WARNING: A terminally deprecated method in sun.misc.Unsafe has been called
WARNING: sun.misc.Unsafe::arrayBaseOffset has been called by com.sourcegraph.shaded.com.google.protobuf.UnsafeUtil$MemoryAccessor (file:/home/ceryar/.cache/bloop/semanticdb/com.sourcegraph.semanticdb-javac.0.11.2/semanticdb-javac-0.11.2.jar)
WARNING: Please consider reporting this to the maintainers of class com.sourcegraph.shaded.com.google.protobuf.UnsafeUtil$MemoryAccessor
WARNING: sun.misc.Unsafe::arrayBaseOffset will be removed in a future release.
2026.02.16 16:09:47 INFO  time: compiled tiket in 0.56s
2026.02.16 16:10:35 INFO  compiling tiket (1 java source)
2026.02.16 16:10:35 WARN  Unexpected javac output: WARNING: A terminally deprecated method in sun.misc.Unsafe has been called
WARNING: sun.misc.Unsafe::arrayBaseOffset has been called by com.sourcegraph.shaded.com.google.protobuf.UnsafeUtil$MemoryAccessor (file:/home/ceryar/.cache/bloop/semanticdb/com.sourcegraph.semanticdb-javac.0.11.2/semanticdb-javac-0.11.2.jar)
WARNING: Please consider reporting this to the maintainers of class com.sourcegraph.shaded.com.google.protobuf.UnsafeUtil$MemoryAccessor
WARNING: sun.misc.Unsafe::arrayBaseOffset will be removed in a future release.
2026.02.16 16:10:35 INFO  time: compiled tiket in 0.6s
2026.02.16 16:11:50 INFO  compiling tiket (1 java source)
2026.02.16 16:11:50 WARN  Unexpected javac output: WARNING: A terminally deprecated method in sun.misc.Unsafe has been called
WARNING: sun.misc.Unsafe::arrayBaseOffset has been called by com.sourcegraph.shaded.com.google.protobuf.UnsafeUtil$MemoryAccessor (file:/home/ceryar/.cache/bloop/semanticdb/com.sourcegraph.semanticdb-javac.0.11.2/semanticdb-javac-0.11.2.jar)
WARNING: Please consider reporting this to the maintainers of class com.sourcegraph.shaded.com.google.protobuf.UnsafeUtil$MemoryAccessor
WARNING: sun.misc.Unsafe::arrayBaseOffset will be removed in a future release.
2026.02.16 16:11:50 INFO  time: compiled tiket in 0.56s
2026.02.16 16:15:24 INFO  compiling tiket (1 java source)
2026.02.16 16:15:24 WARN  Unexpected javac output: WARNING: A terminally deprecated method in sun.misc.Unsafe has been called
WARNING: sun.misc.Unsafe::arrayBaseOffset has been called by com.sourcegraph.shaded.com.google.protobuf.UnsafeUtil$MemoryAccessor (file:/home/ceryar/.cache/bloop/semanticdb/com.sourcegraph.semanticdb-javac.0.11.2/semanticdb-javac-0.11.2.jar)
WARNING: Please consider reporting this to the maintainers of class com.sourcegraph.shaded.com.google.protobuf.UnsafeUtil$MemoryAccessor
WARNING: sun.misc.Unsafe::arrayBaseOffset will be removed in a future release.
2026.02.16 16:15:24 INFO  time: compiled tiket in 0.6s
2026.02.16 16:17:37 INFO  compiling tiket (1 java source)
2026.02.16 16:17:37 WARN  Unexpected javac output: WARNING: A terminally deprecated method in sun.misc.Unsafe has been called
WARNING: sun.misc.Unsafe::arrayBaseOffset has been called by com.sourcegraph.shaded.com.google.protobuf.UnsafeUtil$MemoryAccessor (file:/home/ceryar/.cache/bloop/semanticdb/com.sourcegraph.semanticdb-javac.0.11.2/semanticdb-javac-0.11.2.jar)
WARNING: Please consider reporting this to the maintainers of class com.sourcegraph.shaded.com.google.protobuf.UnsafeUtil$MemoryAccessor
WARNING: sun.misc.Unsafe::arrayBaseOffset will be removed in a future release.
2026.02.16 16:17:37 INFO  time: compiled tiket in 0.58s
feb 16, 2026 4:18:31 P.M. org.eclipse.lsp4j.jsonrpc.services.GenericEndpoint notify
INFORMACIN: Unsupported notification method: $/setTrace
feb 16, 2026 4:18:31 P.M. org.eclipse.lsp4j.jsonrpc.services.GenericEndpoint notify
INFORMACIN: Unsupported notification method: $/setTrace
feb 16, 2026 4:18:31 P.M. org.eclipse.lsp4j.jsonrpc.services.GenericEndpoint notify
INFORMACIN: Unsupported notification method: $/setTrace
feb 16, 2026 4:18:31 P.M. org.eclipse.lsp4j.jsonrpc.services.GenericEndpoint notify
INFORMACIN: Unsupported notification method: $/setTrace
feb 16, 2026 4:22:38 P.M. org.eclipse.lsp4j.jsonrpc.services.GenericEndpoint notify
INFORMACIN: Unsupported notification method: $/setTrace
